\BOOKMARK [1][-]{section.1}{\376\377\000I\000n\000t\000r\000o\000d\000u\000c\000t\000i\000o\000n}{}% 1
\BOOKMARK [1][-]{section.2}{\376\377\000L\000i\000t\000e\000r\000a\000t\000u\000r\000e\000\040\000R\000e\000v\000i\000e\000w\000\040\000a\000n\000d\000\040\000R\000e\000s\000e\000a\000r\000c\000h\000\040\000G\000a\000p\000s}{}% 2
\BOOKMARK [2][-]{subsection.2.1}{\376\377\000T\000r\000a\000n\000s\000p\000o\000r\000t\000\040\000E\000q\000u\000i\000t\000y\000\040\000F\000r\000a\000m\000e\000w\000o\000r\000k\000s}{section.2}% 3
\BOOKMARK [2][-]{subsection.2.2}{\376\377\000C\000r\000i\000t\000i\000c\000a\000l\000\040\000A\000s\000s\000e\000s\000s\000m\000e\000n\000t\000\040\000o\000f\000\040\000E\000x\000i\000s\000t\000i\000n\000g\000\040\000M\000o\000d\000e\000l\000i\000n\000g\000\040\000A\000p\000p\000r\000o\000a\000c\000h\000e\000s}{section.2}% 4
\BOOKMARK [3][-]{subsubsection.2.2.1}{\376\377\000F\000o\000u\000r\000-\000S\000t\000e\000p\000\040\000T\000r\000a\000n\000s\000p\000o\000r\000t\000\040\000M\000o\000d\000e\000l\000s}{subsection.2.2}% 5
\BOOKMARK [3][-]{subsubsection.2.2.2}{\376\377\000A\000c\000t\000i\000v\000i\000t\000y\000-\000B\000a\000s\000e\000d\000\040\000M\000o\000d\000e\000l\000s}{subsection.2.2}% 6
\BOOKMARK [3][-]{subsubsection.2.2.3}{\376\377\000O\000t\000h\000e\000r\000\040\000A\000g\000e\000n\000t\000-\000B\000a\000s\000e\000d\000\040\000M\000o\000d\000e\000l\000s}{subsection.2.2}% 7
\BOOKMARK [3][-]{subsubsection.2.2.4}{\376\377\000T\000h\000e\000\040\000A\000B\000M\000-\000E\000T\000O\000P\000\040\000F\000r\000a\000m\000e\000w\000o\000r\000k}{subsection.2.2}% 8
\BOOKMARK [1][-]{section.3}{\376\377\000T\000h\000e\000\040\000A\000B\000M\000-\000E\000T\000O\000P\000\040\000F\000r\000a\000m\000e\000w\000o\000r\000k\000:\000\040\000C\000o\000n\000c\000e\000p\000t\000u\000a\000l\000\040\000O\000v\000e\000r\000v\000i\000e\000w}{}% 9
\BOOKMARK [2][-]{subsection.3.1}{\376\377\000F\000r\000a\000m\000e\000w\000o\000r\000k\000\040\000A\000r\000c\000h\000i\000t\000e\000c\000t\000u\000r\000e\000\040\000a\000n\000d\000\040\000C\000o\000r\000e\000\040\000I\000n\000n\000o\000v\000a\000t\000i\000o\000n\000s}{section.3}% 10
\BOOKMARK [2][-]{subsection.3.2}{\376\377\000F\000o\000r\000m\000a\000l\000\040\000R\000e\000p\000r\000e\000s\000e\000n\000t\000a\000t\000i\000o\000n\000\040\000o\000f\000\040\000t\000h\000e\000\040\000A\000B\000M\000-\000E\000T\000O\000P\000\040\000F\000r\000a\000m\000e\000w\000o\000r\000k}{section.3}% 11
\BOOKMARK [3][-]{subsubsection.3.2.1}{\376\377\000S\000u\000b\000s\000i\000d\000y\000\040\000P\000o\000l\000i\000c\000y\000\040\000M\000e\000c\000h\000a\000n\000i\000s\000m\000s}{subsection.3.2}% 12
\BOOKMARK [3][-]{subsubsection.3.2.2}{\376\377\000E\000v\000a\000l\000u\000a\000t\000i\000o\000n\000\040\000M\000e\000t\000r\000i\000c\000s}{subsection.3.2}% 13
\BOOKMARK [2][-]{subsection.3.3}{\376\377\000A\000B\000M\000-\000E\000T\000O\000P\000\040\000S\000i\000m\000u\000l\000a\000t\000i\000o\000n\000\040\000P\000r\000o\000c\000e\000s\000s\000\040\000a\000n\000d\000\040\000D\000e\000c\000i\000s\000i\000o\000n\000\040\000M\000e\000c\000h\000a\000n\000i\000s\000m\000s}{section.3}% 14
\BOOKMARK [1][-]{section.4}{\376\377\000O\000p\000t\000i\000m\000i\000s\000a\000t\000i\000o\000n\000\040\000M\000e\000t\000h\000o\000d\000o\000l\000o\000g\000y}{}% 15
\BOOKMARK [2][-]{subsection.4.1}{\376\377\000B\000a\000y\000e\000s\000i\000a\000n\000\040\000O\000p\000t\000i\000m\000i\000s\000a\000t\000i\000o\000n\000\040\000I\000m\000p\000l\000e\000m\000e\000n\000t\000a\000t\000i\000o\000n}{section.4}% 16
\BOOKMARK [2][-]{subsection.4.2}{\376\377\000E\000q\000u\000i\000l\000i\000b\000r\000i\000u\000m\000\040\000M\000e\000c\000h\000a\000n\000i\000s\000m\000s\000\040\000a\000n\000d\000\040\000S\000y\000s\000t\000e\000m\000\040\000D\000y\000n\000a\000m\000i\000c\000s}{section.4}% 17
\BOOKMARK [2][-]{subsection.4.3}{\376\377\000R\000o\000b\000u\000s\000t\000n\000e\000s\000s\000,\000\040\000D\000e\000t\000e\000r\000m\000i\000n\000i\000s\000t\000i\000c\000\040\000C\000o\000n\000t\000r\000o\000l\000,\000\040\000a\000n\000d\000\040\000R\000e\000p\000r\000o\000d\000u\000c\000i\000b\000i\000l\000i\000t\000y}{section.4}% 18
\BOOKMARK [1][-]{section.5}{\376\377\000P\000o\000l\000i\000c\000y\000\040\000A\000n\000a\000l\000y\000s\000i\000s\000\040\000R\000e\000s\000u\000l\000t\000s}{}% 19
\BOOKMARK [2][-]{subsection.5.1}{\376\377\000M\000o\000d\000e\000\040\000S\000h\000a\000r\000e\000\040\000E\000q\000u\000i\000t\000y\000\040\000A\000n\000a\000l\000y\000s\000i\000s}{section.5}% 20
\BOOKMARK [3][-]{subsubsection.5.1.1}{\376\377\000O\000p\000t\000i\000m\000a\000l\000\040\000S\000u\000b\000s\000i\000d\000y\000\040\000A\000l\000l\000o\000c\000a\000t\000i\000o\000n\000\040\000R\000e\000s\000u\000l\000t\000s}{subsection.5.1}% 21
\BOOKMARK [3][-]{subsubsection.5.1.2}{\376\377\000I\000m\000p\000l\000e\000m\000e\000n\000t\000a\000t\000i\000o\000n\000\040\000E\000f\000f\000i\000c\000i\000e\000n\000c\000y\000\040\000a\000n\000d\000\040\000D\000i\000s\000t\000r\000i\000b\000u\000t\000i\000o\000n}{subsection.5.1}% 22
\BOOKMARK [2][-]{subsection.5.2}{\376\377\000T\000r\000a\000v\000e\000l\000\040\000T\000i\000m\000e\000\040\000E\000q\000u\000i\000t\000y\000\040\000A\000n\000a\000l\000y\000s\000i\000s}{section.5}% 23
\BOOKMARK [3][-]{subsubsection.5.2.1}{\376\377\000O\000p\000t\000i\000m\000i\000s\000a\000t\000i\000o\000n\000\040\000A\000p\000p\000r\000o\000a\000c\000h\000\040\000a\000n\000d\000\040\000R\000e\000s\000u\000l\000t\000s}{subsection.5.2}% 24
\BOOKMARK [3][-]{subsubsection.5.2.2}{\376\377\000I\000m\000p\000l\000e\000m\000e\000n\000t\000a\000t\000i\000o\000n\000\040\000E\000f\000f\000i\000c\000i\000e\000n\000c\000y}{subsection.5.2}% 25
\BOOKMARK [2][-]{subsection.5.3}{\376\377\000T\000o\000t\000a\000l\000\040\000S\000y\000s\000t\000e\000m\000\040\000T\000r\000a\000v\000e\000l\000\040\000T\000i\000m\000e\000\040\000A\000n\000a\000l\000y\000s\000i\000s}{section.5}% 26
\BOOKMARK [3][-]{subsubsection.5.3.1}{\376\377\000O\000p\000t\000i\000m\000i\000s\000a\000t\000i\000o\000n\000\040\000A\000p\000p\000r\000o\000a\000c\000h\000\040\000a\000n\000d\000\040\000R\000e\000s\000u\000l\000t\000s}{subsection.5.3}% 27
\BOOKMARK [3][-]{subsubsection.5.3.2}{\376\377\000I\000m\000p\000l\000e\000m\000e\000n\000t\000a\000t\000i\000o\000n\000\040\000E\000f\000f\000i\000c\000i\000e\000n\000c\000y\000\040\000a\000n\000d\000\040\000I\000n\000c\000o\000m\000e\000\040\000D\000i\000s\000t\000r\000i\000b\000u\000t\000i\000o\000n}{subsection.5.3}% 28
\BOOKMARK [1][-]{section.6}{\376\377\000C\000r\000o\000s\000s\000-\000P\000o\000l\000i\000c\000y\000\040\000S\000y\000n\000t\000h\000e\000s\000i\000s}{}% 29
\BOOKMARK [2][-]{subsection.6.1}{\376\377\000C\000o\000m\000p\000a\000r\000a\000t\000i\000v\000e\000\040\000A\000n\000a\000l\000y\000s\000i\000s\000\040\000o\000f\000\040\000P\000o\000l\000i\000c\000y\000\040\000A\000p\000p\000r\000o\000a\000c\000h\000e\000s}{section.6}% 30
\BOOKMARK [2][-]{subsection.6.2}{\376\377\000S\000u\000b\000s\000i\000d\000y\000\040\000I\000n\000v\000e\000s\000t\000m\000e\000n\000t\000\040\000G\000u\000i\000d\000a\000n\000c\000e}{section.6}% 31
\BOOKMARK [1][-]{section.7}{\376\377\000P\000o\000l\000i\000c\000y\000\040\000I\000m\000p\000l\000i\000c\000a\000t\000i\000o\000n\000s\000\040\000a\000n\000d\000\040\000R\000e\000c\000o\000m\000m\000e\000n\000d\000a\000t\000i\000o\000n\000s}{}% 32
\BOOKMARK [2][-]{subsection.7.1}{\376\377\000E\000v\000i\000d\000e\000n\000c\000e\000-\000B\000a\000s\000e\000d\000\040\000S\000u\000b\000s\000i\000d\000y\000\040\000D\000e\000s\000i\000g\000n\000\040\000G\000u\000i\000d\000e\000l\000i\000n\000e\000s}{section.7}% 33
\BOOKMARK [2][-]{subsection.7.2}{\376\377\000E\000c\000o\000n\000o\000m\000i\000c\000\040\000A\000p\000p\000r\000a\000i\000s\000a\000l\000\040\000S\000t\000a\000t\000u\000s}{section.7}% 34
\BOOKMARK [2][-]{subsection.7.3}{\376\377\000I\000l\000l\000u\000s\000t\000r\000a\000t\000i\000v\000e\000\040\000I\000m\000p\000l\000e\000m\000e\000n\000t\000a\000t\000i\000o\000n\000\040\000C\000o\000n\000s\000i\000d\000e\000r\000a\000t\000i\000o\000n\000s}{section.7}% 35
\BOOKMARK [1][-]{section.8}{\376\377\000C\000o\000n\000c\000l\000u\000s\000i\000o\000n\000s}{}% 36
\BOOKMARK [2][-]{subsection.8.1}{\376\377\000S\000u\000m\000m\000a\000r\000y\000\040\000o\000f\000\040\000K\000e\000y\000\040\000F\000i\000n\000d\000i\000n\000g\000s}{section.8}% 37
\BOOKMARK [2][-]{subsection.8.2}{\376\377\000M\000e\000t\000h\000o\000d\000o\000l\000o\000g\000i\000c\000a\000l\000\040\000C\000o\000n\000t\000r\000i\000b\000u\000t\000i\000o\000n}{section.8}% 38
\BOOKMARK [2][-]{subsection.8.3}{\376\377\000L\000i\000m\000i\000t\000a\000t\000i\000o\000n\000s\000\040\000a\000n\000d\000\040\000F\000u\000t\000u\000r\000e\000\040\000R\000e\000s\000e\000a\000r\000c\000h}{section.8}% 39
\BOOKMARK [1][-]{section.9}{\376\377\000A\000c\000k\000n\000o\000w\000l\000e\000d\000g\000m\000e\000n\000t\000s}{}% 40
\BOOKMARK [1][-]{section.10}{\376\377\000D\000e\000c\000l\000a\000r\000a\000t\000i\000o\000n\000\040\000o\000f\000\040\000G\000e\000n\000e\000r\000a\000t\000i\000v\000e\000\040\000A\000I\000\040\000a\000n\000d\000\040\000A\000I\000-\000a\000s\000s\000i\000s\000t\000e\000d\000\040\000T\000e\000c\000h\000n\000o\000l\000o\000g\000i\000e\000s\000\040\000i\000n\000\040\000t\000h\000e\000\040\000W\000r\000i\000t\000i\000n\000g\000\040\000P\000r\000o\000c\000e\000s\000s}{}% 41
\BOOKMARK [1][-]{appendix.A}{\376\377\000A\000g\000e\000n\000t\000-\000B\000a\000s\000e\000d\000\040\000M\000o\000d\000e\000l\000\040\000D\000e\000v\000e\000l\000o\000p\000m\000e\000n\000t}{}% 42
\BOOKMARK [2][-]{subsection.A.1}{\376\377\000M\000o\000d\000e\000l\000\040\000A\000r\000c\000h\000i\000t\000e\000c\000t\000u\000r\000e\000\040\000a\000n\000d\000\040\000A\000g\000e\000n\000t\000\040\000T\000y\000p\000e\000s}{appendix.A}% 43
\BOOKMARK [3][-]{subsubsection.A.1.1}{\376\377\000C\000o\000m\000m\000u\000t\000e\000r\000\040\000A\000g\000e\000n\000t\000s}{subsection.A.1}% 44
\BOOKMARK [3][-]{subsubsection.A.1.2}{\376\377\000S\000e\000r\000v\000i\000c\000e\000\040\000P\000r\000o\000v\000i\000d\000e\000r\000\040\000A\000g\000e\000n\000t\000s}{subsection.A.1}% 45
\BOOKMARK [3][-]{subsubsection.A.1.3}{\376\377\000M\000a\000a\000S\000\040\000A\000g\000e\000n\000t}{subsection.A.1}% 46
\BOOKMARK [2][-]{subsection.A.2}{\376\377\000D\000e\000f\000i\000n\000i\000t\000i\000v\000e\000\040\000P\000a\000r\000a\000m\000e\000t\000e\000r\000\040\000R\000e\000f\000e\000r\000e\000n\000c\000e\000\040\000T\000a\000b\000l\000e}{appendix.A}% 47
\BOOKMARK [2][-]{subsection.A.3}{\376\377\000C\000o\000m\000m\000u\000t\000e\000r\000\040\000D\000e\000c\000i\000s\000i\000o\000n\000-\000M\000a\000k\000i\000n\000g\000\040\000P\000r\000o\000c\000e\000s\000s}{appendix.A}% 48
\BOOKMARK [3][-]{subsubsection.A.3.1}{\376\377\000U\000t\000i\000l\000i\000t\000y\000\040\000F\000u\000n\000c\000t\000i\000o\000n\000\040\000F\000o\000r\000m\000u\000l\000a\000t\000i\000o\000n}{subsection.A.3}% 49
\BOOKMARK [3][-]{subsubsection.A.3.2}{\376\377\000M\000o\000d\000a\000l\000\040\000C\000h\000o\000i\000c\000e\000\040\000P\000r\000o\000b\000a\000b\000i\000l\000i\000t\000y}{subsection.A.3}% 50
\BOOKMARK [3][-]{subsubsection.A.3.3}{\376\377\000V\000a\000l\000u\000e\000\040\000o\000f\000\040\000T\000i\000m\000e\000\040\000C\000a\000l\000c\000u\000l\000a\000t\000i\000o\000n}{subsection.A.3}% 51
\BOOKMARK [3][-]{subsubsection.A.3.4}{\376\377\000T\000r\000i\000p\000\040\000G\000e\000n\000e\000r\000a\000t\000i\000o\000n\000\040\000A\000l\000g\000o\000r\000i\000t\000h\000m}{subsection.A.3}% 52
\BOOKMARK [2][-]{subsection.A.4}{\376\377\000M\000a\000a\000S\000\040\000A\000g\000e\000n\000t\000\040\000A\000l\000g\000o\000r\000i\000t\000h\000m\000s}{appendix.A}% 53
\BOOKMARK [3][-]{subsubsection.A.4.1}{\376\377\000C\000o\000n\000g\000e\000s\000t\000i\000o\000n\000\040\000M\000o\000d\000e\000l\000i\000n\000g}{subsection.A.4}% 54
\BOOKMARK [3][-]{subsubsection.A.4.2}{\376\377\000T\000r\000a\000f\000f\000i\000c\000\040\000V\000o\000l\000u\000m\000e\000\040\000C\000a\000l\000c\000u\000l\000a\000t\000i\000o\000n}{subsection.A.4}% 55
\BOOKMARK [3][-]{subsubsection.A.4.3}{\376\377\000M\000o\000d\000i\000f\000i\000e\000d\000\040\000D\000i\000j\000k\000s\000t\000r\000a\000'\000s\000\040\000A\000l\000g\000o\000r\000i\000t\000h\000m\000\040\000w\000i\000t\000h\000\040\000C\000o\000n\000g\000e\000s\000t\000i\000o\000n}{subsection.A.4}% 56
\BOOKMARK [3][-]{subsubsection.A.4.4}{\376\377\000M\000u\000l\000t\000i\000-\000M\000o\000d\000a\000l\000\040\000R\000o\000u\000t\000e\000\040\000G\000e\000n\000e\000r\000a\000t\000i\000o\000n}{subsection.A.4}% 57
\BOOKMARK [2][-]{subsection.A.5}{\376\377\000S\000e\000r\000v\000i\000c\000e\000\040\000P\000r\000o\000v\000i\000d\000e\000r\000\040\000A\000g\000e\000n\000t\000\040\000A\000l\000g\000o\000r\000i\000t\000h\000m\000s}{appendix.A}% 58
\BOOKMARK [3][-]{subsubsection.A.5.1}{\376\377\000D\000y\000n\000a\000m\000i\000c\000\040\000P\000r\000i\000c\000i\000n\000g\000\040\000A\000l\000g\000o\000r\000i\000t\000h\000m}{subsection.A.5}% 59
\BOOKMARK [3][-]{subsubsection.A.5.2}{\376\377\000S\000e\000r\000v\000i\000c\000e\000\040\000A\000v\000a\000i\000l\000a\000b\000i\000l\000i\000t\000y\000\040\000T\000r\000a\000c\000k\000i\000n\000g}{subsection.A.5}% 60
\BOOKMARK [2][-]{subsection.A.6}{\376\377\000S\000u\000b\000s\000i\000d\000y\000\040\000P\000o\000o\000l\000\040\000M\000e\000c\000h\000a\000n\000i\000s\000m}{appendix.A}% 61
\BOOKMARK [1][-]{appendix.B}{\376\377\000P\000a\000r\000a\000m\000e\000t\000e\000r\000\040\000S\000p\000e\000c\000i\000f\000i\000c\000a\000t\000i\000o\000n\000s}{}% 62
\BOOKMARK [2][-]{subsection.B.1}{\376\377\000S\000y\000s\000t\000e\000m\000\040\000P\000a\000r\000a\000m\000e\000t\000e\000r\000s\000\040\000\050\000S\000\051}{appendix.B}% 63
\BOOKMARK [2][-]{subsection.B.2}{\376\377\000P\000o\000l\000i\000c\000y\000\040\000P\000a\000r\000a\000m\000e\000t\000e\000r\000s\000\040\000\050\000P\000\051}{appendix.B}% 64
\BOOKMARK [2][-]{subsection.B.3}{\376\377\000A\000g\000e\000n\000t\000\040\000P\000a\000r\000a\000m\000e\000t\000e\000r\000s\000\040\000\050\000A\000\051}{appendix.B}% 65
\BOOKMARK [2][-]{subsection.B.4}{\376\377\000E\000n\000v\000i\000r\000o\000n\000m\000e\000n\000t\000\040\000P\000a\000r\000a\000m\000e\000t\000e\000r\000s\000\040\000\050\000E\000\051}{appendix.B}% 66
\BOOKMARK [1][-]{appendix.C}{\376\377\000O\000p\000t\000i\000m\000i\000s\000a\000t\000i\000o\000n\000\040\000M\000e\000t\000h\000o\000d\000o\000l\000o\000g\000y}{}% 67
\BOOKMARK [2][-]{subsection.C.1}{\376\377\000B\000a\000y\000e\000s\000i\000a\000n\000\040\000O\000p\000t\000i\000m\000i\000z\000a\000t\000i\000o\000n\000\040\000w\000i\000t\000h\000\040\000G\000a\000u\000s\000s\000i\000a\000n\000\040\000P\000r\000o\000c\000e\000s\000s\000\040\000R\000e\000g\000r\000e\000s\000s\000i\000o\000n}{appendix.C}% 68
\BOOKMARK [2][-]{subsection.C.2}{\376\377\000P\000a\000r\000a\000m\000e\000t\000e\000r\000\040\000S\000p\000a\000c\000e\000\040\000a\000n\000d\000\040\000C\000o\000n\000s\000t\000r\000a\000i\000n\000t\000s}{appendix.C}% 69
\BOOKMARK [2][-]{subsection.C.3}{\376\377\000P\000o\000l\000i\000c\000y\000\040\000O\000b\000j\000e\000c\000t\000i\000v\000e\000s\000\040\000a\000n\000d\000\040\000M\000e\000t\000r\000i\000c\000s}{appendix.C}% 70
\BOOKMARK [1][-]{appendix.D}{\376\377\000C\000a\000l\000i\000b\000r\000a\000t\000i\000o\000n\000\040\000a\000n\000d\000\040\000V\000a\000l\000i\000d\000a\000t\000i\000o\000n}{}% 71
\BOOKMARK [2][-]{subsection.D.1}{\376\377\000C\000u\000r\000r\000e\000n\000t\000\040\000S\000t\000a\000t\000u\000s\000\040\000o\000f\000\040\000C\000a\000l\000i\000b\000r\000a\000t\000i\000o\000n}{appendix.D}% 72
\BOOKMARK [2][-]{subsection.D.2}{\376\377\000V\000a\000l\000i\000d\000a\000t\000i\000o\000n\000\040\000a\000n\000d\000\040\000I\000n\000t\000e\000r\000n\000a\000l\000\040\000C\000h\000e\000c\000k\000s}{appendix.D}% 73
\BOOKMARK [2][-]{subsection.D.3}{\376\377\000R\000o\000b\000u\000s\000t\000n\000e\000s\000s\000\040\000A\000n\000a\000l\000y\000s\000i\000s}{appendix.D}% 74
\BOOKMARK [1][-]{appendix.E}{\376\377\000C\000o\000m\000p\000e\000t\000i\000n\000g\000\040\000B\000e\000n\000e\000f\000i\000t\000s\000\040\000C\000a\000l\000c\000u\000l\000a\000t\000i\000o\000n}{}% 75
