This is pdfTeX, Version 3.141592653-2.6-1.40.24 (TeX Live 2022 - Spack) (preloaded format=pdflatex 2023.5.19)  11 MAR 2026 12:13
entering extended mode
 restricted \write18 enabled.
 %&-line parsing enabled.
**main.tex
(./main.tex
LaTeX2e <2021-11-15> patch level 1
L3 programming layer <2022-02-24> (./cas-sc.cls
Document Class: cas-sc 2021/05/11, 2.3: Formatting class for CAS single column 
articles
\c@blind=\count185
\@bls=\dimen138

(/apps/z_install_tree/linux-rocky8-ivybridge/gcc-12.2.0/texlive-20220321-7ejwbh
yks4jxvs4cg6cddeczjlnf2fhi/texmf-dist/tex/latex/base/article.cls
Document Class: article 2021/10/04 v1.4n Standard LaTeX document class

(/apps/z_install_tree/linux-rocky8-ivybridge/gcc-12.2.0/texlive-20220321-7ejwbh
yks4jxvs4cg6cddeczjlnf2fhi/texmf-dist/tex/latex/base/fleqn.clo
File: fleqn.clo 2016/12/29 v1.2b Standard LaTeX option (flush left equations)
\mathindent=\skip47
Applying: [2015/01/01] Make \[ robust on input line 50.
LaTeX Info: Redefining \[ on input line 51.
Already applied: [0000/00/00] Make \[ robust on input line 62.
Applying: [2015/01/01] Make \] robust on input line 74.
LaTeX Info: Redefining \] on input line 75.
Already applied: [0000/00/00] Make \] robust on input line 83.
)
(/apps/z_install_tree/linux-rocky8-ivybridge/gcc-12.2.0/texlive-20220321-7ejwbh
yks4jxvs4cg6cddeczjlnf2fhi/texmf-dist/tex/latex/base/size10.clo
File: size10.clo 2021/10/04 v1.4n Standard LaTeX file (size option)
)
\c@part=\count186
\c@section=\count187
\c@subsection=\count188
\c@subsubsection=\count189
\c@paragraph=\count190
\c@subparagraph=\count191
\c@figure=\count192
\c@table=\count193
\abovecaptionskip=\skip48
\belowcaptionskip=\skip49
\bibindent=\dimen139
)
(/apps/z_install_tree/linux-rocky8-ivybridge/gcc-12.2.0/texlive-20220321-7ejwbh
yks4jxvs4cg6cddeczjlnf2fhi/texmf-dist/tex/latex/graphics/graphicx.sty
Package: graphicx 2021/09/16 v1.2d Enhanced LaTeX Graphics (DPC,SPQR)

(/apps/z_install_tree/linux-rocky8-ivybridge/gcc-12.2.0/texlive-20220321-7ejwbh
yks4jxvs4cg6cddeczjlnf2fhi/texmf-dist/tex/latex/graphics/keyval.sty
Package: keyval 2014/10/28 v1.15 key=value parser (DPC)
\KV@toks@=\toks16
)
(/apps/z_install_tree/linux-rocky8-ivybridge/gcc-12.2.0/texlive-20220321-7ejwbh
yks4jxvs4cg6cddeczjlnf2fhi/texmf-dist/tex/latex/graphics/graphics.sty
Package: graphics 2021/03/04 v1.4d Standard LaTeX Graphics (DPC,SPQR)

(/apps/z_install_tree/linux-rocky8-ivybridge/gcc-12.2.0/texlive-20220321-7ejwbh
yks4jxvs4cg6cddeczjlnf2fhi/texmf-dist/tex/latex/graphics/trig.sty
Package: trig 2021/08/11 v1.11 sin cos tan (DPC)
)
(/apps/z_install_tree/linux-rocky8-ivybridge/gcc-12.2.0/texlive-20220321-7ejwbh
yks4jxvs4cg6cddeczjlnf2fhi/texmf-dist/tex/latex/graphics-cfg/graphics.cfg
File: graphics.cfg 2016/06/04 v1.11 sample graphics configuration
)
Package graphics Info: Driver file: pdftex.def on input line 107.

(/apps/z_install_tree/linux-rocky8-ivybridge/gcc-12.2.0/texlive-20220321-7ejwbh
yks4jxvs4cg6cddeczjlnf2fhi/texmf-dist/tex/latex/graphics-def/pdftex.def
File: pdftex.def 2020/10/05 v1.2a Graphics/color driver for pdftex
))
\Gin@req@height=\dimen140
\Gin@req@width=\dimen141
)
(/apps/z_install_tree/linux-rocky8-ivybridge/gcc-12.2.0/texlive-20220321-7ejwbh
yks4jxvs4cg6cddeczjlnf2fhi/texmf-dist/tex/latex/amsmath/amsmath.sty
Package: amsmath 2021/10/15 v2.17l AMS math features
\@mathmargin=\skip50

For additional information on amsmath, use the `?' option.

(/apps/z_install_tree/linux-rocky8-ivybridge/gcc-12.2.0/texlive-20220321-7ejwbh
yks4jxvs4cg6cddeczjlnf2fhi/texmf-dist/tex/latex/amsmath/amstext.sty
Package: amstext 2021/08/26 v2.01 AMS text

(/apps/z_install_tree/linux-rocky8-ivybridge/gcc-12.2.0/texlive-20220321-7ejwbh
yks4jxvs4cg6cddeczjlnf2fhi/texmf-dist/tex/latex/amsmath/amsgen.sty
File: amsgen.sty 1999/11/30 v2.0 generic functions
\@emptytoks=\toks17
\ex@=\dimen142
))
(/apps/z_install_tree/linux-rocky8-ivybridge/gcc-12.2.0/texlive-20220321-7ejwbh
yks4jxvs4cg6cddeczjlnf2fhi/texmf-dist/tex/latex/amsmath/amsbsy.sty
Package: amsbsy 1999/11/29 v1.2d Bold Symbols
\pmbraise@=\dimen143
)
(/apps/z_install_tree/linux-rocky8-ivybridge/gcc-12.2.0/texlive-20220321-7ejwbh
yks4jxvs4cg6cddeczjlnf2fhi/texmf-dist/tex/latex/amsmath/amsopn.sty
Package: amsopn 2021/08/26 v2.02 operator names
)
\inf@bad=\count194
LaTeX Info: Redefining \frac on input line 234.
\uproot@=\count195
\leftroot@=\count196
LaTeX Info: Redefining \overline on input line 399.
\classnum@=\count197
\DOTSCASE@=\count198
LaTeX Info: Redefining \ldots on input line 496.
LaTeX Info: Redefining \dots on input line 499.
LaTeX Info: Redefining \cdots on input line 620.
\Mathstrutbox@=\box50
\strutbox@=\box51
\big@size=\dimen144
LaTeX Font Info:    Redeclaring font encoding OML on input line 743.
LaTeX Font Info:    Redeclaring font encoding OMS on input line 744.
\macc@depth=\count199
\c@MaxMatrixCols=\count266
\dotsspace@=\muskip16
\c@parentequation=\count267
\dspbrk@lvl=\count268
\tag@help=\toks18
\row@=\count269
\column@=\count270
\maxfields@=\count271
\andhelp@=\toks19
\eqnshift@=\dimen145
\alignsep@=\dimen146
\tagshift@=\dimen147
\tagwidth@=\dimen148
\totwidth@=\dimen149
\lineht@=\dimen150
\@envbody=\toks20
\multlinegap=\skip51
\multlinetaggap=\skip52
\mathdisplay@stack=\toks21
LaTeX Info: Redefining \[ on input line 2938.
LaTeX Info: Redefining \] on input line 2939.
)
(/apps/z_install_tree/linux-rocky8-ivybridge/gcc-12.2.0/texlive-20220321-7ejwbh
yks4jxvs4cg6cddeczjlnf2fhi/texmf-dist/tex/latex/amsfonts/amsfonts.sty
Package: amsfonts 2013/01/14 v3.01 Basic AMSFonts support
\symAMSa=\mathgroup4
\symAMSb=\mathgroup5
LaTeX Font Info:    Redeclaring math symbol \hbar on input line 98.
LaTeX Font Info:    Overwriting math alphabet `\mathfrak' in version `bold'
(Font)                  U/euf/m/n --> U/euf/b/n on input line 106.
)
(/apps/z_install_tree/linux-rocky8-ivybridge/gcc-12.2.0/texlive-20220321-7ejwbh
yks4jxvs4cg6cddeczjlnf2fhi/texmf-dist/tex/latex/amsfonts/amssymb.sty
Package: amssymb 2013/01/14 v3.01 AMS font symbols
)
(/apps/z_install_tree/linux-rocky8-ivybridge/gcc-12.2.0/texlive-20220321-7ejwbh
yks4jxvs4cg6cddeczjlnf2fhi/texmf-dist/tex/latex/l3kernel/expl3.sty
Package: expl3 2022-02-24 L3 programming layer (loader) 

(/apps/z_install_tree/linux-rocky8-ivybridge/gcc-12.2.0/texlive-20220321-7ejwbh
yks4jxvs4cg6cddeczjlnf2fhi/texmf-dist/tex/latex/l3backend/l3backend-pdftex.def
File: l3backend-pdftex.def 2022-02-07 L3 backend support: PDF output (pdfTeX)
\l__color_backend_stack_int=\count272
\l__pdf_internal_box=\box52
))
(/apps/z_install_tree/linux-rocky8-ivybridge/gcc-12.2.0/texlive-20220321-7ejwbh
yks4jxvs4cg6cddeczjlnf2fhi/texmf-dist/tex/latex/l3packages/xparse/xparse.sty
Package: xparse 2022-01-12 L3 Experimental document command parser
)
(/apps/z_install_tree/linux-rocky8-ivybridge/gcc-12.2.0/texlive-20220321-7ejwbh
yks4jxvs4cg6cddeczjlnf2fhi/texmf-dist/tex/latex/etoolbox/etoolbox.sty
Package: etoolbox 2020/10/05 v2.5k e-TeX tools for LaTeX (JAW)
\etb@tempcnta=\count273
)
(/apps/z_install_tree/linux-rocky8-ivybridge/gcc-12.2.0/texlive-20220321-7ejwbh
yks4jxvs4cg6cddeczjlnf2fhi/texmf-dist/tex/latex/booktabs/booktabs.sty
Package: booktabs 2020/01/12 v1.61803398 Publication quality tables
\heavyrulewidth=\dimen151
\lightrulewidth=\dimen152
\cmidrulewidth=\dimen153
\belowrulesep=\dimen154
\belowbottomsep=\dimen155
\aboverulesep=\dimen156
\abovetopsep=\dimen157
\cmidrulesep=\dimen158
\cmidrulekern=\dimen159
\defaultaddspace=\dimen160
\@cmidla=\count274
\@cmidlb=\count275
\@aboverulesep=\dimen161
\@belowrulesep=\dimen162
\@thisruleclass=\count276
\@lastruleclass=\count277
\@thisrulewidth=\dimen163
)
(/apps/z_install_tree/linux-rocky8-ivybridge/gcc-12.2.0/texlive-20220321-7ejwbh
yks4jxvs4cg6cddeczjlnf2fhi/texmf-dist/tex/latex/makecell/makecell.sty
Package: makecell 2009/08/03 V0.1e Managing of Tab Column Heads and Cells

(/apps/z_install_tree/linux-rocky8-ivybridge/gcc-12.2.0/texlive-20220321-7ejwbh
yks4jxvs4cg6cddeczjlnf2fhi/texmf-dist/tex/latex/tools/array.sty
Package: array 2021/10/04 v2.5f Tabular extension package (FMi)
\col@sep=\dimen164
\ar@mcellbox=\box53
\extrarowheight=\dimen165
\NC@list=\toks22
\extratabsurround=\skip53
\backup@length=\skip54
\ar@cellbox=\box54
)
\rotheadsize=\dimen166
\c@nlinenum=\count278
\TeXr@lab=\toks23
)
(/apps/z_install_tree/linux-rocky8-ivybridge/gcc-12.2.0/texlive-20220321-7ejwbh
yks4jxvs4cg6cddeczjlnf2fhi/texmf-dist/tex/latex/multirow/multirow.sty
Package: multirow 2021/03/15 v2.8 Span multiple rows of a table
\multirow@colwidth=\skip55
\multirow@cntb=\count279
\multirow@dima=\skip56
\bigstrutjot=\dimen167
)
(/apps/z_install_tree/linux-rocky8-ivybridge/gcc-12.2.0/texlive-20220321-7ejwbh
yks4jxvs4cg6cddeczjlnf2fhi/texmf-dist/tex/latex/colortbl/colortbl.sty
Package: colortbl 2020/01/04 v1.0e Color table columns (DPC)

(/apps/z_install_tree/linux-rocky8-ivybridge/gcc-12.2.0/texlive-20220321-7ejwbh
yks4jxvs4cg6cddeczjlnf2fhi/texmf-dist/tex/latex/graphics/color.sty
Package: color 2021/12/07 v1.3c Standard LaTeX Color (DPC)

(/apps/z_install_tree/linux-rocky8-ivybridge/gcc-12.2.0/texlive-20220321-7ejwbh
yks4jxvs4cg6cddeczjlnf2fhi/texmf-dist/tex/latex/graphics-cfg/color.cfg
File: color.cfg 2016/01/02 v1.6 sample color configuration
)
Package color Info: Driver file: pdftex.def on input line 149.
)
\everycr=\toks24
\minrowclearance=\skip57
)
(/apps/z_install_tree/linux-rocky8-ivybridge/gcc-12.2.0/texlive-20220321-7ejwbh
yks4jxvs4cg6cddeczjlnf2fhi/texmf-dist/tex/latex/tools/dcolumn.sty
Package: dcolumn 2014/10/28 v1.06 decimal alignment package (DPC)
)
(/apps/z_install_tree/linux-rocky8-ivybridge/gcc-12.2.0/texlive-20220321-7ejwbh
yks4jxvs4cg6cddeczjlnf2fhi/texmf-dist/tex/latex/sttools/stfloats.sty
Package: stfloats 2017/03/27 v3.3 Improve float mechanism and baselineskip sett
ings
\@dblbotnum=\count280
\c@dblbotnumber=\count281
)
(/apps/z_install_tree/linux-rocky8-ivybridge/gcc-12.2.0/texlive-20220321-7ejwbh
yks4jxvs4cg6cddeczjlnf2fhi/texmf-dist/tex/latex/tools/xspace.sty
Package: xspace 2014/10/28 v1.13 Space after command names (DPC,MH)
)
(/apps/z_install_tree/linux-rocky8-ivybridge/gcc-12.2.0/texlive-20220321-7ejwbh
yks4jxvs4cg6cddeczjlnf2fhi/texmf-dist/tex/generic/xstring/xstring.sty
(/apps/z_install_tree/linux-rocky8-ivybridge/gcc-12.2.0/texlive-20220321-7ejwbh
yks4jxvs4cg6cddeczjlnf2fhi/texmf-dist/tex/generic/xstring/xstring.tex
\integerpart=\count282
\decimalpart=\count283
)
Package: xstring 2021/07/21 v1.84 String manipulations (CT)
)
(/apps/z_install_tree/linux-rocky8-ivybridge/gcc-12.2.0/texlive-20220321-7ejwbh
yks4jxvs4cg6cddeczjlnf2fhi/texmf-dist/tex/latex/footmisc/footmisc.sty
Package: footmisc 2022/03/08 v6.0d a miscellany of footnote facilities
\FN@temptoken=\toks25
\footnotemargin=\dimen168
\@outputbox@depth=\dimen169
Package footmisc Info: Declaring symbol style bringhurst on input line 695.
Package footmisc Info: Declaring symbol style chicago on input line 703.
Package footmisc Info: Declaring symbol style wiley on input line 712.
Package footmisc Info: Declaring symbol style lamport-robust on input line 723.

Package footmisc Info: Declaring symbol style lamport* on input line 743.
Package footmisc Info: Declaring symbol style lamport*-robust on input line 764
.
)
(/apps/z_install_tree/linux-rocky8-ivybridge/gcc-12.2.0/texlive-20220321-7ejwbh
yks4jxvs4cg6cddeczjlnf2fhi/texmf-dist/tex/latex/xcolor/xcolor.sty
Package: xcolor 2021/10/31 v2.13 LaTeX color extensions (UK)

(/apps/z_install_tree/linux-rocky8-ivybridge/gcc-12.2.0/texlive-20220321-7ejwbh
yks4jxvs4cg6cddeczjlnf2fhi/texmf-dist/tex/latex/graphics-cfg/color.cfg
File: color.cfg 2016/01/02 v1.6 sample color configuration
)
Package xcolor Info: Driver file: pdftex.def on input line 227.
LaTeX Info: Redefining \color on input line 711.
Package xcolor Info: Model `cmy' substituted by `cmy0' on input line 1352.
Package xcolor Info: Model `hsb' substituted by `rgb' on input line 1356.
Package xcolor Info: Model `RGB' extended on input line 1368.
Package xcolor Info: Model `HTML' substituted by `rgb' on input line 1370.
Package xcolor Info: Model `Hsb' substituted by `hsb' on input line 1371.
Package xcolor Info: Model `tHsb' substituted by `hsb' on input line 1372.
Package xcolor Info: Model `HSB' substituted by `hsb' on input line 1373.
Package xcolor Info: Model `Gray' substituted by `gray' on input line 1374.
Package xcolor Info: Model `wave' substituted by `hsb' on input line 1375.

(/apps/z_install_tree/linux-rocky8-ivybridge/gcc-12.2.0/texlive-20220321-7ejwbh
yks4jxvs4cg6cddeczjlnf2fhi/texmf-dist/tex/latex/graphics/dvipsnam.def
File: dvipsnam.def 2016/06/17 v3.0m Driver-dependent file (DPC,SPQR)
)
(/apps/z_install_tree/linux-rocky8-ivybridge/gcc-12.2.0/texlive-20220321-7ejwbh
yks4jxvs4cg6cddeczjlnf2fhi/texmf-dist/tex/latex/xcolor/svgnam.def
File: svgnam.def 2021/10/31 v2.13 Predefined colors according to SVG 1.1 (UK)
))
(/apps/z_install_tree/linux-rocky8-ivybridge/gcc-12.2.0/texlive-20220321-7ejwbh
yks4jxvs4cg6cddeczjlnf2fhi/texmf-dist/tex/latex/hyperref/hyperref.sty
Package: hyperref 2022-02-21 v7.00n Hypertext links for LaTeX

(/apps/z_install_tree/linux-rocky8-ivybridge/gcc-12.2.0/texlive-20220321-7ejwbh
yks4jxvs4cg6cddeczjlnf2fhi/texmf-dist/tex/generic/ltxcmds/ltxcmds.sty
Package: ltxcmds 2020-05-10 v1.25 LaTeX kernel commands for general use (HO)
)
(/apps/z_install_tree/linux-rocky8-ivybridge/gcc-12.2.0/texlive-20220321-7ejwbh
yks4jxvs4cg6cddeczjlnf2fhi/texmf-dist/tex/generic/iftex/iftex.sty
Package: iftex 2022/02/03 v1.0f TeX engine tests
)
(/apps/z_install_tree/linux-rocky8-ivybridge/gcc-12.2.0/texlive-20220321-7ejwbh
yks4jxvs4cg6cddeczjlnf2fhi/texmf-dist/tex/generic/pdftexcmds/pdftexcmds.sty
Package: pdftexcmds 2020-06-27 v0.33 Utility functions of pdfTeX for LuaTeX (HO
)

(/apps/z_install_tree/linux-rocky8-ivybridge/gcc-12.2.0/texlive-20220321-7ejwbh
yks4jxvs4cg6cddeczjlnf2fhi/texmf-dist/tex/generic/infwarerr/infwarerr.sty
Package: infwarerr 2019/12/03 v1.5 Providing info/warning/error messages (HO)
)
Package pdftexcmds Info: \pdf@primitive is available.
Package pdftexcmds Info: \pdf@ifprimitive is available.
Package pdftexcmds Info: \pdfdraftmode found.
)
(/apps/z_install_tree/linux-rocky8-ivybridge/gcc-12.2.0/texlive-20220321-7ejwbh
yks4jxvs4cg6cddeczjlnf2fhi/texmf-dist/tex/generic/kvsetkeys/kvsetkeys.sty
Package: kvsetkeys 2019/12/15 v1.18 Key value parser (HO)
)
(/apps/z_install_tree/linux-rocky8-ivybridge/gcc-12.2.0/texlive-20220321-7ejwbh
yks4jxvs4cg6cddeczjlnf2fhi/texmf-dist/tex/generic/kvdefinekeys/kvdefinekeys.sty
Package: kvdefinekeys 2019-12-19 v1.6 Define keys (HO)
)
(/apps/z_install_tree/linux-rocky8-ivybridge/gcc-12.2.0/texlive-20220321-7ejwbh
yks4jxvs4cg6cddeczjlnf2fhi/texmf-dist/tex/generic/pdfescape/pdfescape.sty
Package: pdfescape 2019/12/09 v1.15 Implements pdfTeX's escape features (HO)
)
(/apps/z_install_tree/linux-rocky8-ivybridge/gcc-12.2.0/texlive-20220321-7ejwbh
yks4jxvs4cg6cddeczjlnf2fhi/texmf-dist/tex/latex/hycolor/hycolor.sty
Package: hycolor 2020-01-27 v1.10 Color options for hyperref/bookmark (HO)
)
(/apps/z_install_tree/linux-rocky8-ivybridge/gcc-12.2.0/texlive-20220321-7ejwbh
yks4jxvs4cg6cddeczjlnf2fhi/texmf-dist/tex/latex/letltxmacro/letltxmacro.sty
Package: letltxmacro 2019/12/03 v1.6 Let assignment for LaTeX macros (HO)
)
(/apps/z_install_tree/linux-rocky8-ivybridge/gcc-12.2.0/texlive-20220321-7ejwbh
yks4jxvs4cg6cddeczjlnf2fhi/texmf-dist/tex/latex/auxhook/auxhook.sty
Package: auxhook 2019-12-17 v1.6 Hooks for auxiliary files (HO)
)
(/apps/z_install_tree/linux-rocky8-ivybridge/gcc-12.2.0/texlive-20220321-7ejwbh
yks4jxvs4cg6cddeczjlnf2fhi/texmf-dist/tex/latex/kvoptions/kvoptions.sty
Package: kvoptions 2020-10-07 v3.14 Key value format for package options (HO)
)
\@linkdim=\dimen170
\Hy@linkcounter=\count284
\Hy@pagecounter=\count285

(/apps/z_install_tree/linux-rocky8-ivybridge/gcc-12.2.0/texlive-20220321-7ejwbh
yks4jxvs4cg6cddeczjlnf2fhi/texmf-dist/tex/latex/hyperref/pd1enc.def
File: pd1enc.def 2022-02-21 v7.00n Hyperref: PDFDocEncoding definition (HO)
Now handling font encoding PD1 ...
... no UTF-8 mapping file for font encoding PD1
)
(/apps/z_install_tree/linux-rocky8-ivybridge/gcc-12.2.0/texlive-20220321-7ejwbh
yks4jxvs4cg6cddeczjlnf2fhi/texmf-dist/tex/generic/intcalc/intcalc.sty
Package: intcalc 2019/12/15 v1.3 Expandable calculations with integers (HO)
)
(/apps/z_install_tree/linux-rocky8-ivybridge/gcc-12.2.0/texlive-20220321-7ejwbh
yks4jxvs4cg6cddeczjlnf2fhi/texmf-dist/tex/generic/etexcmds/etexcmds.sty
Package: etexcmds 2019/12/15 v1.7 Avoid name clashes with e-TeX commands (HO)
)
\Hy@SavedSpaceFactor=\count286

(/apps/z_install_tree/linux-rocky8-ivybridge/gcc-12.2.0/texlive-20220321-7ejwbh
yks4jxvs4cg6cddeczjlnf2fhi/texmf-dist/tex/latex/hyperref/puenc.def
File: puenc.def 2022-02-21 v7.00n Hyperref: PDF Unicode definition (HO)
Now handling font encoding PU ...
... no UTF-8 mapping file for font encoding PU
)
Package hyperref Info: Option `colorlinks' set `true' on input line 4018.
Package hyperref Info: Hyper figures OFF on input line 4137.
Package hyperref Info: Link nesting OFF on input line 4142.
Package hyperref Info: Hyper index ON on input line 4145.
Package hyperref Info: Plain pages OFF on input line 4152.
Package hyperref Info: Backreferencing OFF on input line 4157.
Package hyperref Info: Implicit mode ON; LaTeX internals redefined.
Package hyperref Info: Bookmarks ON on input line 4390.
\c@Hy@tempcnt=\count287

(/apps/z_install_tree/linux-rocky8-ivybridge/gcc-12.2.0/texlive-20220321-7ejwbh
yks4jxvs4cg6cddeczjlnf2fhi/texmf-dist/tex/latex/url/url.sty
\Urlmuskip=\muskip17
Package: url 2013/09/16  ver 3.4  Verb mode for urls, etc.
)
LaTeX Info: Redefining \url on input line 4749.
\XeTeXLinkMargin=\dimen171

(/apps/z_install_tree/linux-rocky8-ivybridge/gcc-12.2.0/texlive-20220321-7ejwbh
yks4jxvs4cg6cddeczjlnf2fhi/texmf-dist/tex/generic/bitset/bitset.sty
Package: bitset 2019/12/09 v1.3 Handle bit-vector datatype (HO)

(/apps/z_install_tree/linux-rocky8-ivybridge/gcc-12.2.0/texlive-20220321-7ejwbh
yks4jxvs4cg6cddeczjlnf2fhi/texmf-dist/tex/generic/bigintcalc/bigintcalc.sty
Package: bigintcalc 2019/12/15 v1.5 Expandable calculations on big integers (HO
)
))
\Fld@menulength=\count288
\Field@Width=\dimen172
\Fld@charsize=\dimen173
Package hyperref Info: Hyper figures OFF on input line 6027.
Package hyperref Info: Link nesting OFF on input line 6032.
Package hyperref Info: Hyper index ON on input line 6035.
Package hyperref Info: backreferencing OFF on input line 6042.
Package hyperref Info: Link coloring ON on input line 6045.
Package hyperref Info: Link coloring with OCG OFF on input line 6052.
Package hyperref Info: PDF/A mode OFF on input line 6057.
LaTeX Info: Redefining \ref on input line 6097.
LaTeX Info: Redefining \pageref on input line 6101.

(/apps/z_install_tree/linux-rocky8-ivybridge/gcc-12.2.0/texlive-20220321-7ejwbh
yks4jxvs4cg6cddeczjlnf2fhi/texmf-dist/tex/latex/base/atbegshi-ltx.sty
Package: atbegshi-ltx 2021/01/10 v1.0c Emulation of the original atbegshi
package with kernel methods
)
\Hy@abspage=\count289
\c@Item=\count290
\c@Hfootnote=\count291
)
Package hyperref Info: Driver (autodetected): hpdftex.

(/apps/z_install_tree/linux-rocky8-ivybridge/gcc-12.2.0/texlive-20220321-7ejwbh
yks4jxvs4cg6cddeczjlnf2fhi/texmf-dist/tex/latex/hyperref/hpdftex.def
File: hpdftex.def 2022-02-21 v7.00n Hyperref driver for pdfTeX

(/apps/z_install_tree/linux-rocky8-ivybridge/gcc-12.2.0/texlive-20220321-7ejwbh
yks4jxvs4cg6cddeczjlnf2fhi/texmf-dist/tex/latex/base/atveryend-ltx.sty
Package: atveryend-ltx 2020/08/19 v1.0a Emulation of the original atveryend pac
kage
with kernel methods
)
\Fld@listcount=\count292
\c@bookmark@seq@number=\count293

(/apps/z_install_tree/linux-rocky8-ivybridge/gcc-12.2.0/texlive-20220321-7ejwbh
yks4jxvs4cg6cddeczjlnf2fhi/texmf-dist/tex/latex/rerunfilecheck/rerunfilecheck.s
ty
Package: rerunfilecheck 2019/12/05 v1.9 Rerun checks for auxiliary files (HO)

(/apps/z_install_tree/linux-rocky8-ivybridge/gcc-12.2.0/texlive-20220321-7ejwbh
yks4jxvs4cg6cddeczjlnf2fhi/texmf-dist/tex/generic/uniquecounter/uniquecounter.s
ty
Package: uniquecounter 2019/12/15 v1.4 Provide unlimited unique counter (HO)
)
Package uniquecounter Info: New unique counter `rerunfilecheck' on input line 2
86.
)
\Hy@SectionHShift=\skip58
) (./cas-common.sty
\l_stm_title_before_dim=\dimen174
\l_stm_title_after_dim=\dimen175
\g_ead_int=\count294
\g_uad_int=\count295
\@eadauthor=\toks26
\g_stm_tnote_int=\count296
\g_stm_fnote_int=\count297
\g_stm_cor_int=\count298
\g_stm_au_int=\count299
\g_stm_aau_int=\count300
\l_autype_int=\count301
\l_stm_augroup_before_dim=\dimen176
\l_stm_augroup_after_dim=\dimen177
\l_stm_augroup_lskip_tl=\dimen178
\l_stm_augroup_rskip_tl=\dimen179
\g_stm_aff_int=\count302
\g_stm_aff_ext_int=\count303
\g_stm_aff_int_int=\count304
\g_stm_fn_aff_ext_int=\count305
\g_stm_fn_aff_int_int=\count306
\l_stm_aff_before_dim=\dimen180
\l_stm_aff_after_dim=\dimen181
\l_stm_aff_lskip_dim=\dimen182
\l_stm_aff_rskip_dim=\dimen183
\g_stm_augr_int=\count307
\g_stm_aaugr_int=\count308

(/apps/z_install_tree/linux-rocky8-ivybridge/gcc-12.2.0/texlive-20220321-7ejwbh
yks4jxvs4cg6cddeczjlnf2fhi/texmf-dist/tex/latex/moreverb/moreverb.sty
Package: moreverb 2008/06/03 v2.3a `more' verbatim facilities

(/apps/z_install_tree/linux-rocky8-ivybridge/gcc-12.2.0/texlive-20220321-7ejwbh
yks4jxvs4cg6cddeczjlnf2fhi/texmf-dist/tex/latex/tools/verbatim.sty
Package: verbatim 2020-07-07 v1.5u LaTeX2e package for verbatim enhancements
\every@verbatim=\toks27
\verbatim@line=\toks28
\verbatim@in@stream=\read2
)
\tab@position=\count309
\tab@size=\count310
\listing@line=\count311
)
\g_stm_abs_box=\box55
\casgrabsbox=\box56
\casauhlbox=\box57
\g_stm_key_box=\box58
\g_stm_jtype_int=\count312
\g_stm_blind_int=\count313
\c@au=\count314
\c@cnote=\count315
\c@tnote=\count316
\c@fnote=\count317
\c@aff=\count318
\g_stm_notes_box=\box59
\g_stm_front_box=\box60
\paraindent=\dimen184
\subparaindent=\dimen185
\FullWidth=\dimen186
\l_tbl_width_dim=\dimen187
\l_tbl_abovecap_skip=\skip59
\l_tbl_belowcap_skip=\skip60
\l_tbl_abovetbl_skip=\skip61
\l_tbl_belowtbl_skip=\skip62
\l_fig_width_dim=\dimen188
\cascaptionbox=\box61
\l_fig_abovecap_skip=\skip63
\l_fig_belowcap_skip=\skip64
\l_fig_abovefig_skip=\skip65
\l_fig_belowfig_skip=\skip66

(/apps/z_install_tree/linux-rocky8-ivybridge/gcc-12.2.0/texlive-20220321-7ejwbh
yks4jxvs4cg6cddeczjlnf2fhi/texmf-dist/tex/latex/wrapfig/wrapfig.sty
\wrapoverhang=\dimen189
\WF@size=\dimen190
\c@WF@wrappedlines=\count319
\WF@box=\box62
\WF@everypar=\toks29
Package: wrapfig 2003/01/31  v 3.6
)
\l_wrap_figwidth_dim=\dimen191
\l_wrap_fighspace_dim=\dimen192
\l_wrap_figvspace_dim=\dimen193
\l_wrap_fighcorr_dim=\dimen194
\l_wrap_figvcorr_dim=\dimen195
\l_above_bio_dim=\dimen196
\l_wrap_figlcorr_int=\count320
\l_wrap_figlines_int=\count321
\l_bio_text_box=\box63
\c@ca_biography_ctr=\count322
\l_ca_temp_inta=\count323
\leftMargin=\dimen197
\@enLab=\toks30
\@sep=\skip67
\@@sep=\skip68
)
(/apps/z_install_tree/linux-rocky8-ivybridge/gcc-12.2.0/texlive-20220321-7ejwbh
yks4jxvs4cg6cddeczjlnf2fhi/texmf-dist/tex/latex/base/fontenc.sty
Package: fontenc 2021/04/29 v2.0v Standard LaTeX package
)
(/apps/z_install_tree/linux-rocky8-ivybridge/gcc-12.2.0/texlive-20220321-7ejwbh
yks4jxvs4cg6cddeczjlnf2fhi/texmf-dist/tex/latex/stix/stix.sty
Package: stix 2018/04/17 v1.1.3-latex STIX fonts support package

(/apps/z_install_tree/linux-rocky8-ivybridge/gcc-12.2.0/texlive-20220321-7ejwbh
yks4jxvs4cg6cddeczjlnf2fhi/texmf-dist/tex/latex/base/textcomp.sty
Package: textcomp 2020/02/02 v2.0n Standard LaTeX package
LaTeX Font Info:    Changing ? sub-encoding to TS1/0 on input line 78.
)
Now handling font encoding LS1 ...
... no UTF-8 mapping file for font encoding LS1
Now handling font encoding LS2 ...
... no UTF-8 mapping file for font encoding LS2
LaTeX Font Info:    Redeclaring symbol font `letters' on input line 76.
LaTeX Font Info:    Encoding `OML' has changed to `LS1' for symbol font
(Font)              `letters' in the math version `normal' on input line 76.
LaTeX Font Info:    Overwriting symbol font `letters' in version `normal'
(Font)                  OML/cmm/m/it --> LS1/stix/m/it on input line 76.
LaTeX Font Info:    Encoding `OML' has changed to `LS1' for symbol font
(Font)              `letters' in the math version `bold' on input line 76.
LaTeX Font Info:    Overwriting symbol font `letters' in version `bold'
(Font)                  OML/cmm/b/it --> LS1/stix/m/it on input line 76.
LaTeX Font Info:    Redeclaring symbol font `operators' on input line 77.
LaTeX Font Info:    Encoding `OT1' has changed to `LS1' for symbol font
(Font)              `operators' in the math version `normal' on input line 77.
LaTeX Font Info:    Overwriting symbol font `operators' in version `normal'
(Font)                  OT1/cmr/m/n --> LS1/stix/m/n on input line 77.
LaTeX Font Info:    Encoding `OT1' has changed to `LS1' for symbol font
(Font)              `operators' in the math version `bold' on input line 77.
LaTeX Font Info:    Overwriting symbol font `operators' in version `bold'
(Font)                  OT1/cmr/bx/n --> LS1/stix/m/n on input line 77.
\symbold-operators=\mathgroup6
LaTeX Font Info:    Redeclaring symbol font `symbols' on input line 79.
LaTeX Font Info:    Encoding `OMS' has changed to `LS1' for symbol font
(Font)              `symbols' in the math version `normal' on input line 79.
LaTeX Font Info:    Overwriting symbol font `symbols' in version `normal'
(Font)                  OMS/cmsy/m/n --> LS1/stixscr/m/n on input line 79.
LaTeX Font Info:    Encoding `OMS' has changed to `LS1' for symbol font
(Font)              `symbols' in the math version `bold' on input line 79.
LaTeX Font Info:    Overwriting symbol font `symbols' in version `bold'
(Font)                  OMS/cmsy/b/n --> LS1/stixscr/m/n on input line 79.
\symsymbols2=\mathgroup7
\symsymbols3=\mathgroup8
\symsymbols4=\mathgroup9
\symintegrals=\mathgroup10
LaTeX Font Info:    Redeclaring symbol font `largesymbols' on input line 84.
LaTeX Font Info:    Encoding `OMX' has changed to `LS2' for symbol font
(Font)              `largesymbols' in the math version `normal' on input line 8
4.
LaTeX Font Info:    Overwriting symbol font `largesymbols' in version `normal'
(Font)                  OMX/cmex/m/n --> LS2/stixex/m/n on input line 84.
LaTeX Font Info:    Encoding `OMX' has changed to `LS2' for symbol font
(Font)              `largesymbols' in the math version `bold' on input line 84.

LaTeX Font Info:    Overwriting symbol font `largesymbols' in version `bold'
(Font)                  OMX/cmex/m/n --> LS2/stixex/m/n on input line 84.
\symarrows1=\mathgroup11
\symarrows2=\mathgroup12
\symarrows3=\mathgroup13
LaTeX Font Info:    Overwriting symbol font `letters' in version `bold'
(Font)                  LS1/stix/m/it --> LS1/stix/b/it on input line 88.
LaTeX Font Info:    Overwriting symbol font `operators' in version `bold'
(Font)                  LS1/stix/m/n --> LS1/stix/b/n on input line 89.
LaTeX Font Info:    Overwriting symbol font `symbols' in version `bold'
(Font)                  LS1/stixscr/m/n --> LS1/stixscr/b/n on input line 90.
LaTeX Font Info:    Overwriting symbol font `symbols2' in version `bold'
(Font)                  LS1/stixfrak/m/n --> LS1/stixfrak/b/n on input line 91.

LaTeX Font Info:    Overwriting symbol font `symbols3' in version `bold'
(Font)                  LS1/stixbb/m/n --> LS1/stixbb/b/n on input line 92.
LaTeX Font Info:    Overwriting symbol font `symbols4' in version `bold'
(Font)                  LS1/stixbb/m/it --> LS1/stixbb/b/it on input line 93.
LaTeX Font Info:    Overwriting symbol font `integrals' in version `bold'
(Font)                  LS2/stixcal/m/n --> LS2/stixcal/b/n on input line 94.
LaTeX Font Info:    Overwriting symbol font `largesymbols' in version `bold'
(Font)                  LS2/stixex/m/n --> LS2/stixex/b/n on input line 95.
LaTeX Font Info:    Overwriting symbol font `arrows1' in version `bold'
(Font)                  LS1/stixsf/m/n --> LS1/stixsf/b/n on input line 96.
LaTeX Font Info:    Overwriting symbol font `arrows2' in version `bold'
(Font)                  LS1/stixsf/m/it --> LS1/stixsf/b/it on input line 97.
LaTeX Font Info:    Overwriting symbol font `arrows3' in version `bold'
(Font)                  LS2/stixtt/m/n --> LS2/stixtt/b/n on input line 98.
LaTeX Font Info:    Redeclaring math alphabet \mathit on input line 99.
LaTeX Font Info:    Redeclaring math alphabet \mathfrak on input line 102.
LaTeX Font Info:    Redeclaring math alphabet \mathsf on input line 106.
LaTeX Font Info:    Redeclaring math alphabet \mathtt on input line 108.
LaTeX Font Info:    Redeclaring math alphabet \mathbf on input line 109.
LaTeX Info: Redefining \yen on input line 456.
LaTeX Info: Redefining \circledR on input line 458.
LaTeX Info: Redefining \checkmark on input line 460.
LaTeX Info: Redefining \maltese on input line 461.
LaTeX Font Info:    Redeclaring math accent \grave on input line 698.
LaTeX Font Info:    Redeclaring math accent \acute on input line 699.
LaTeX Font Info:    Redeclaring math accent \hat on input line 700.
LaTeX Font Info:    Redeclaring math accent \tilde on input line 701.
LaTeX Font Info:    Redeclaring math accent \bar on input line 702.
LaTeX Font Info:    Redeclaring math accent \breve on input line 703.
LaTeX Font Info:    Redeclaring math accent \dot on input line 704.
LaTeX Font Info:    Redeclaring math accent \ddot on input line 705.
LaTeX Font Info:    Redeclaring math accent \mathring on input line 707.
LaTeX Font Info:    Redeclaring math accent \check on input line 708.
LaTeX Font Info:    Redeclaring math accent \vec on input line 716.
LaTeX Font Info:    Redeclaring math accent \widehat on input line 728.
LaTeX Font Info:    Redeclaring math accent \widetilde on input line 729.
LaTeX Info: Redefining \vdots on input line 1518.
LaTeX Info: Redefining \cdots on input line 1522.
LaTeX Font Info:    Redeclaring math symbol \mathsterling on input line 1978.
LaTeX Info: Redefining \not on input line 2144.
)
(/apps/z_install_tree/linux-rocky8-ivybridge/gcc-12.2.0/texlive-20220321-7ejwbh
yks4jxvs4cg6cddeczjlnf2fhi/texmf-dist/tex/latex/geometry/geometry.sty
Package: geometry 2020/01/02 v5.9 Page Geometry

(/apps/z_install_tree/linux-rocky8-ivybridge/gcc-12.2.0/texlive-20220321-7ejwbh
yks4jxvs4cg6cddeczjlnf2fhi/texmf-dist/tex/generic/iftex/ifvtex.sty
Package: ifvtex 2019/10/25 v1.7 ifvtex legacy package. Use iftex instead.
)
\Gm@cnth=\count324
\Gm@cntv=\count325
\c@Gm@tempcnt=\count326
\Gm@bindingoffset=\dimen198
\Gm@wd@mp=\dimen199
\Gm@odd@mp=\dimen256
\Gm@even@mp=\dimen257
\Gm@layoutwidth=\dimen258
\Gm@layoutheight=\dimen259
\Gm@layouthoffset=\dimen260
\Gm@layoutvoffset=\dimen261
\Gm@dimlist=\toks31
))
(/apps/z_install_tree/linux-rocky8-ivybridge/gcc-12.2.0/texlive-20220321-7ejwbh
yks4jxvs4cg6cddeczjlnf2fhi/texmf-dist/tex/latex/base/fix-cm.sty
Package: fix-cm 2020/11/24 v1.1t fixes to LaTeX

(/apps/z_install_tree/linux-rocky8-ivybridge/gcc-12.2.0/texlive-20220321-7ejwbh
yks4jxvs4cg6cddeczjlnf2fhi/texmf-dist/tex/latex/base/ts1enc.def
File: ts1enc.def 2001/06/05 v3.0e (jk/car/fm) Standard LaTeX file
LaTeX Font Info:    Redeclaring font encoding TS1 on input line 47.
))
(/apps/z_install_tree/linux-rocky8-ivybridge/gcc-12.2.0/texlive-20220321-7ejwbh
yks4jxvs4cg6cddeczjlnf2fhi/texmf-dist/tex/latex/natbib/natbib.sty
Package: natbib 2010/09/13 8.31b (PWD, AO)
\bibhang=\skip69
\bibsep=\skip70
LaTeX Info: Redefining \cite on input line 694.
\c@NAT@ctr=\count327
)
(/apps/z_install_tree/linux-rocky8-ivybridge/gcc-12.2.0/texlive-20220321-7ejwbh
yks4jxvs4cg6cddeczjlnf2fhi/texmf-dist/tex/latex/float/float.sty
Package: float 2001/11/08 v1.3d Float enhancements (AL)
\c@float@type=\count328
\float@exts=\toks32
\float@box=\box64
\@float@everytoks=\toks33
\@floatcapt=\box65
)
(/apps/z_install_tree/linux-rocky8-ivybridge/gcc-12.2.0/texlive-20220321-7ejwbh
yks4jxvs4cg6cddeczjlnf2fhi/texmf-dist/tex/latex/enumitem/enumitem.sty
Package: enumitem 2019/06/20 v3.9 Customized lists
\labelindent=\skip71
\enit@outerparindent=\dimen262
\enit@toks=\toks34
\enit@inbox=\box66
\enit@count@id=\count329
\enitdp@description=\count330
)
(/apps/z_install_tree/linux-rocky8-ivybridge/gcc-12.2.0/texlive-20220321-7ejwbh
yks4jxvs4cg6cddeczjlnf2fhi/texmf-dist/tex/latex/caption/caption.sty
Package: caption 2022/03/01 v3.6b Customizing captions (AR)

(/apps/z_install_tree/linux-rocky8-ivybridge/gcc-12.2.0/texlive-20220321-7ejwbh
yks4jxvs4cg6cddeczjlnf2fhi/texmf-dist/tex/latex/caption/caption3.sty
Package: caption3 2022/03/17 v2.3b caption3 kernel (AR)
\caption@tempdima=\dimen263
\captionmargin=\dimen264
\caption@leftmargin=\dimen265
\caption@rightmargin=\dimen266
\caption@width=\dimen267
\caption@indent=\dimen268
\caption@parindent=\dimen269
\caption@hangindent=\dimen270
Package caption Info: Standard document class detected.
)
\c@caption@flags=\count331
\c@continuedfloat=\count332
Package caption Info: float package is loaded.
Package caption Info: hyperref package is loaded.
Package caption Info: wrapfig package is loaded.
)
(/apps/z_install_tree/linux-rocky8-ivybridge/gcc-12.2.0/texlive-20220321-7ejwbh
yks4jxvs4cg6cddeczjlnf2fhi/texmf-dist/tex/latex/fancyhdr/fancyhdr.sty
Package: fancyhdr 2021/01/28 v4.0.1 Extensive control of page headers and foote
rs
\f@nch@headwidth=\skip72
\f@nch@O@elh=\skip73
\f@nch@O@erh=\skip74
\f@nch@O@olh=\skip75
\f@nch@O@orh=\skip76
\f@nch@O@elf=\skip77
\f@nch@O@erf=\skip78
\f@nch@O@olf=\skip79
\f@nch@O@orf=\skip80
)
(/apps/z_install_tree/linux-rocky8-ivybridge/gcc-12.2.0/texlive-20220321-7ejwbh
yks4jxvs4cg6cddeczjlnf2fhi/texmf-dist/tex/latex/caption/subcaption.sty
Package: subcaption 2022/01/07 v1.5 Sub-captions (AR)
\c@subfigure=\count333
\c@subtable=\count334
)
(/apps/z_install_tree/linux-rocky8-ivybridge/gcc-12.2.0/texlive-20220321-7ejwbh
yks4jxvs4cg6cddeczjlnf2fhi/texmf-dist/tex/latex/tools/tabularx.sty
Package: tabularx 2020/01/15 v2.11c `tabularx' package (DPC)
\TX@col@width=\dimen271
\TX@old@table=\dimen272
\TX@old@col=\dimen273
\TX@target=\dimen274
\TX@delta=\dimen275
\TX@cols=\count335
\TX@ftn=\toks35
)
(/apps/z_install_tree/linux-rocky8-ivybridge/gcc-12.2.0/texlive-20220321-7ejwbh
yks4jxvs4cg6cddeczjlnf2fhi/texmf-dist/tex/latex/setspace/setspace.sty
Package: setspace 2011/12/19 v6.7a set line spacing
)
(/apps/z_install_tree/linux-rocky8-ivybridge/gcc-12.2.0/texlive-20220321-7ejwbh
yks4jxvs4cg6cddeczjlnf2fhi/texmf-dist/tex/latex/pgfplots/pgfplots.sty
(/apps/z_install_tree/linux-rocky8-ivybridge/gcc-12.2.0/texlive-20220321-7ejwbh
yks4jxvs4cg6cddeczjlnf2fhi/texmf-dist/tex/generic/pgfplots/pgfplots.revision.te
x)
Package: pgfplots 2021/05/15 v1.18.1 Data Visualization (1.18.1)

(/apps/z_install_tree/linux-rocky8-ivybridge/gcc-12.2.0/texlive-20220321-7ejwbh
yks4jxvs4cg6cddeczjlnf2fhi/texmf-dist/tex/latex/pgf/frontendlayer/tikz.sty
(/apps/z_install_tree/linux-rocky8-ivybridge/gcc-12.2.0/texlive-20220321-7ejwbh
yks4jxvs4cg6cddeczjlnf2fhi/texmf-dist/tex/latex/pgf/basiclayer/pgf.sty
(/apps/z_install_tree/linux-rocky8-ivybridge/gcc-12.2.0/texlive-20220321-7ejwbh
yks4jxvs4cg6cddeczjlnf2fhi/texmf-dist/tex/latex/pgf/utilities/pgfrcs.sty
(/apps/z_install_tree/linux-rocky8-ivybridge/gcc-12.2.0/texlive-20220321-7ejwbh
yks4jxvs4cg6cddeczjlnf2fhi/texmf-dist/tex/generic/pgf/utilities/pgfutil-common.
tex
\pgfutil@everybye=\toks36
\pgfutil@tempdima=\dimen276
\pgfutil@tempdimb=\dimen277

(/apps/z_install_tree/linux-rocky8-ivybridge/gcc-12.2.0/texlive-20220321-7ejwbh
yks4jxvs4cg6cddeczjlnf2fhi/texmf-dist/tex/generic/pgf/utilities/pgfutil-common-
lists.tex))
(/apps/z_install_tree/linux-rocky8-ivybridge/gcc-12.2.0/texlive-20220321-7ejwbh
yks4jxvs4cg6cddeczjlnf2fhi/texmf-dist/tex/generic/pgf/utilities/pgfutil-latex.d
ef
\pgfutil@abb=\box67
)
(/apps/z_install_tree/linux-rocky8-ivybridge/gcc-12.2.0/texlive-20220321-7ejwbh
yks4jxvs4cg6cddeczjlnf2fhi/texmf-dist/tex/generic/pgf/utilities/pgfrcs.code.tex

(/apps/z_install_tree/linux-rocky8-ivybridge/gcc-12.2.0/texlive-20220321-7ejwbh
yks4jxvs4cg6cddeczjlnf2fhi/texmf-dist/tex/generic/pgf/pgf.revision.tex)
Package: pgfrcs 2021/05/15 v3.1.9a (3.1.9a)
))
Package: pgf 2021/05/15 v3.1.9a (3.1.9a)

(/apps/z_install_tree/linux-rocky8-ivybridge/gcc-12.2.0/texlive-20220321-7ejwbh
yks4jxvs4cg6cddeczjlnf2fhi/texmf-dist/tex/latex/pgf/basiclayer/pgfcore.sty
(/apps/z_install_tree/linux-rocky8-ivybridge/gcc-12.2.0/texlive-20220321-7ejwbh
yks4jxvs4cg6cddeczjlnf2fhi/texmf-dist/tex/latex/pgf/systemlayer/pgfsys.sty
(/apps/z_install_tree/linux-rocky8-ivybridge/gcc-12.2.0/texlive-20220321-7ejwbh
yks4jxvs4cg6cddeczjlnf2fhi/texmf-dist/tex/generic/pgf/systemlayer/pgfsys.code.t
ex
Package: pgfsys 2021/05/15 v3.1.9a (3.1.9a)

(/apps/z_install_tree/linux-rocky8-ivybridge/gcc-12.2.0/texlive-20220321-7ejwbh
yks4jxvs4cg6cddeczjlnf2fhi/texmf-dist/tex/generic/pgf/utilities/pgfkeys.code.te
x
\pgfkeys@pathtoks=\toks37
\pgfkeys@temptoks=\toks38

(/apps/z_install_tree/linux-rocky8-ivybridge/gcc-12.2.0/texlive-20220321-7ejwbh
yks4jxvs4cg6cddeczjlnf2fhi/texmf-dist/tex/generic/pgf/utilities/pgfkeysfiltered
.code.tex
\pgfkeys@tmptoks=\toks39
))
\pgf@x=\dimen278
\pgf@y=\dimen279
\pgf@xa=\dimen280
\pgf@ya=\dimen281
\pgf@xb=\dimen282
\pgf@yb=\dimen283
\pgf@xc=\dimen284
\pgf@yc=\dimen285
\pgf@xd=\dimen286
\pgf@yd=\dimen287
\w@pgf@writea=\write3
\r@pgf@reada=\read3
\c@pgf@counta=\count336
\c@pgf@countb=\count337
\c@pgf@countc=\count338
\c@pgf@countd=\count339
\t@pgf@toka=\toks40
\t@pgf@tokb=\toks41
\t@pgf@tokc=\toks42
\pgf@sys@id@count=\count340

(/apps/z_install_tree/linux-rocky8-ivybridge/gcc-12.2.0/texlive-20220321-7ejwbh
yks4jxvs4cg6cddeczjlnf2fhi/texmf-dist/tex/generic/pgf/systemlayer/pgf.cfg
File: pgf.cfg 2021/05/15 v3.1.9a (3.1.9a)
)
Driver file for pgf: pgfsys-pdftex.def

(/apps/z_install_tree/linux-rocky8-ivybridge/gcc-12.2.0/texlive-20220321-7ejwbh
yks4jxvs4cg6cddeczjlnf2fhi/texmf-dist/tex/generic/pgf/systemlayer/pgfsys-pdftex
.def
File: pgfsys-pdftex.def 2021/05/15 v3.1.9a (3.1.9a)

(/apps/z_install_tree/linux-rocky8-ivybridge/gcc-12.2.0/texlive-20220321-7ejwbh
yks4jxvs4cg6cddeczjlnf2fhi/texmf-dist/tex/generic/pgf/systemlayer/pgfsys-common
-pdf.def
File: pgfsys-common-pdf.def 2021/05/15 v3.1.9a (3.1.9a)
)))
(/apps/z_install_tree/linux-rocky8-ivybridge/gcc-12.2.0/texlive-20220321-7ejwbh
yks4jxvs4cg6cddeczjlnf2fhi/texmf-dist/tex/generic/pgf/systemlayer/pgfsyssoftpat
h.code.tex
File: pgfsyssoftpath.code.tex 2021/05/15 v3.1.9a (3.1.9a)
\pgfsyssoftpath@smallbuffer@items=\count341
\pgfsyssoftpath@bigbuffer@items=\count342
)
(/apps/z_install_tree/linux-rocky8-ivybridge/gcc-12.2.0/texlive-20220321-7ejwbh
yks4jxvs4cg6cddeczjlnf2fhi/texmf-dist/tex/generic/pgf/systemlayer/pgfsysprotoco
l.code.tex
File: pgfsysprotocol.code.tex 2021/05/15 v3.1.9a (3.1.9a)
))
(/apps/z_install_tree/linux-rocky8-ivybridge/gcc-12.2.0/texlive-20220321-7ejwbh
yks4jxvs4cg6cddeczjlnf2fhi/texmf-dist/tex/generic/pgf/basiclayer/pgfcore.code.t
ex
Package: pgfcore 2021/05/15 v3.1.9a (3.1.9a)

(/apps/z_install_tree/linux-rocky8-ivybridge/gcc-12.2.0/texlive-20220321-7ejwbh
yks4jxvs4cg6cddeczjlnf2fhi/texmf-dist/tex/generic/pgf/math/pgfmath.code.tex
(/apps/z_install_tree/linux-rocky8-ivybridge/gcc-12.2.0/texlive-20220321-7ejwbh
yks4jxvs4cg6cddeczjlnf2fhi/texmf-dist/tex/generic/pgf/math/pgfmathcalc.code.tex

(/apps/z_install_tree/linux-rocky8-ivybridge/gcc-12.2.0/texlive-20220321-7ejwbh
yks4jxvs4cg6cddeczjlnf2fhi/texmf-dist/tex/generic/pgf/math/pgfmathutil.code.tex
)
(/apps/z_install_tree/linux-rocky8-ivybridge/gcc-12.2.0/texlive-20220321-7ejwbh
yks4jxvs4cg6cddeczjlnf2fhi/texmf-dist/tex/generic/pgf/math/pgfmathparser.code.t
ex
\pgfmath@dimen=\dimen288
\pgfmath@count=\count343
\pgfmath@box=\box68
\pgfmath@toks=\toks43
\pgfmath@stack@operand=\toks44
\pgfmath@stack@operation=\toks45
)
(/apps/z_install_tree/linux-rocky8-ivybridge/gcc-12.2.0/texlive-20220321-7ejwbh
yks4jxvs4cg6cddeczjlnf2fhi/texmf-dist/tex/generic/pgf/math/pgfmathfunctions.cod
e.tex
(/apps/z_install_tree/linux-rocky8-ivybridge/gcc-12.2.0/texlive-20220321-7ejwbh
yks4jxvs4cg6cddeczjlnf2fhi/texmf-dist/tex/generic/pgf/math/pgfmathfunctions.bas
ic.code.tex)
(/apps/z_install_tree/linux-rocky8-ivybridge/gcc-12.2.0/texlive-20220321-7ejwbh
yks4jxvs4cg6cddeczjlnf2fhi/texmf-dist/tex/generic/pgf/math/pgfmathfunctions.tri
gonometric.code.tex)
(/apps/z_install_tree/linux-rocky8-ivybridge/gcc-12.2.0/texlive-20220321-7ejwbh
yks4jxvs4cg6cddeczjlnf2fhi/texmf-dist/tex/generic/pgf/math/pgfmathfunctions.ran
dom.code.tex)
(/apps/z_install_tree/linux-rocky8-ivybridge/gcc-12.2.0/texlive-20220321-7ejwbh
yks4jxvs4cg6cddeczjlnf2fhi/texmf-dist/tex/generic/pgf/math/pgfmathfunctions.com
parison.code.tex)
(/apps/z_install_tree/linux-rocky8-ivybridge/gcc-12.2.0/texlive-20220321-7ejwbh
yks4jxvs4cg6cddeczjlnf2fhi/texmf-dist/tex/generic/pgf/math/pgfmathfunctions.bas
e.code.tex)
(/apps/z_install_tree/linux-rocky8-ivybridge/gcc-12.2.0/texlive-20220321-7ejwbh
yks4jxvs4cg6cddeczjlnf2fhi/texmf-dist/tex/generic/pgf/math/pgfmathfunctions.rou
nd.code.tex)
(/apps/z_install_tree/linux-rocky8-ivybridge/gcc-12.2.0/texlive-20220321-7ejwbh
yks4jxvs4cg6cddeczjlnf2fhi/texmf-dist/tex/generic/pgf/math/pgfmathfunctions.mis
c.code.tex)
(/apps/z_install_tree/linux-rocky8-ivybridge/gcc-12.2.0/texlive-20220321-7ejwbh
yks4jxvs4cg6cddeczjlnf2fhi/texmf-dist/tex/generic/pgf/math/pgfmathfunctions.int
egerarithmetics.code.tex)))
(/apps/z_install_tree/linux-rocky8-ivybridge/gcc-12.2.0/texlive-20220321-7ejwbh
yks4jxvs4cg6cddeczjlnf2fhi/texmf-dist/tex/generic/pgf/math/pgfmathfloat.code.te
x
\c@pgfmathroundto@lastzeros=\count344
))
(/apps/z_install_tree/linux-rocky8-ivybridge/gcc-12.2.0/texlive-20220321-7ejwbh
yks4jxvs4cg6cddeczjlnf2fhi/texmf-dist/tex/generic/pgf/math/pgfint.code.tex)
(/apps/z_install_tree/linux-rocky8-ivybridge/gcc-12.2.0/texlive-20220321-7ejwbh
yks4jxvs4cg6cddeczjlnf2fhi/texmf-dist/tex/generic/pgf/basiclayer/pgfcorepoints.
code.tex
File: pgfcorepoints.code.tex 2021/05/15 v3.1.9a (3.1.9a)
\pgf@picminx=\dimen289
\pgf@picmaxx=\dimen290
\pgf@picminy=\dimen291
\pgf@picmaxy=\dimen292
\pgf@pathminx=\dimen293
\pgf@pathmaxx=\dimen294
\pgf@pathminy=\dimen295
\pgf@pathmaxy=\dimen296
\pgf@xx=\dimen297
\pgf@xy=\dimen298
\pgf@yx=\dimen299
\pgf@yy=\dimen300
\pgf@zx=\dimen301
\pgf@zy=\dimen302
)
(/apps/z_install_tree/linux-rocky8-ivybridge/gcc-12.2.0/texlive-20220321-7ejwbh
yks4jxvs4cg6cddeczjlnf2fhi/texmf-dist/tex/generic/pgf/basiclayer/pgfcorepathcon
struct.code.tex
File: pgfcorepathconstruct.code.tex 2021/05/15 v3.1.9a (3.1.9a)
\pgf@path@lastx=\dimen303
\pgf@path@lasty=\dimen304
)
(/apps/z_install_tree/linux-rocky8-ivybridge/gcc-12.2.0/texlive-20220321-7ejwbh
yks4jxvs4cg6cddeczjlnf2fhi/texmf-dist/tex/generic/pgf/basiclayer/pgfcorepathusa
ge.code.tex
File: pgfcorepathusage.code.tex 2021/05/15 v3.1.9a (3.1.9a)
\pgf@shorten@end@additional=\dimen305
\pgf@shorten@start@additional=\dimen306
)
(/apps/z_install_tree/linux-rocky8-ivybridge/gcc-12.2.0/texlive-20220321-7ejwbh
yks4jxvs4cg6cddeczjlnf2fhi/texmf-dist/tex/generic/pgf/basiclayer/pgfcorescopes.
code.tex
File: pgfcorescopes.code.tex 2021/05/15 v3.1.9a (3.1.9a)
\pgfpic=\box69
\pgf@hbox=\box70
\pgf@layerbox@main=\box71
\pgf@picture@serial@count=\count345
)
(/apps/z_install_tree/linux-rocky8-ivybridge/gcc-12.2.0/texlive-20220321-7ejwbh
yks4jxvs4cg6cddeczjlnf2fhi/texmf-dist/tex/generic/pgf/basiclayer/pgfcoregraphic
state.code.tex
File: pgfcoregraphicstate.code.tex 2021/05/15 v3.1.9a (3.1.9a)
\pgflinewidth=\dimen307
)
(/apps/z_install_tree/linux-rocky8-ivybridge/gcc-12.2.0/texlive-20220321-7ejwbh
yks4jxvs4cg6cddeczjlnf2fhi/texmf-dist/tex/generic/pgf/basiclayer/pgfcoretransfo
rmations.code.tex
File: pgfcoretransformations.code.tex 2021/05/15 v3.1.9a (3.1.9a)
\pgf@pt@x=\dimen308
\pgf@pt@y=\dimen309
\pgf@pt@temp=\dimen310
)
(/apps/z_install_tree/linux-rocky8-ivybridge/gcc-12.2.0/texlive-20220321-7ejwbh
yks4jxvs4cg6cddeczjlnf2fhi/texmf-dist/tex/generic/pgf/basiclayer/pgfcorequick.c
ode.tex
File: pgfcorequick.code.tex 2021/05/15 v3.1.9a (3.1.9a)
)
(/apps/z_install_tree/linux-rocky8-ivybridge/gcc-12.2.0/texlive-20220321-7ejwbh
yks4jxvs4cg6cddeczjlnf2fhi/texmf-dist/tex/generic/pgf/basiclayer/pgfcoreobjects
.code.tex
File: pgfcoreobjects.code.tex 2021/05/15 v3.1.9a (3.1.9a)
)
(/apps/z_install_tree/linux-rocky8-ivybridge/gcc-12.2.0/texlive-20220321-7ejwbh
yks4jxvs4cg6cddeczjlnf2fhi/texmf-dist/tex/generic/pgf/basiclayer/pgfcorepathpro
cessing.code.tex
File: pgfcorepathprocessing.code.tex 2021/05/15 v3.1.9a (3.1.9a)
)
(/apps/z_install_tree/linux-rocky8-ivybridge/gcc-12.2.0/texlive-20220321-7ejwbh
yks4jxvs4cg6cddeczjlnf2fhi/texmf-dist/tex/generic/pgf/basiclayer/pgfcorearrows.
code.tex
File: pgfcorearrows.code.tex 2021/05/15 v3.1.9a (3.1.9a)
\pgfarrowsep=\dimen311
)
(/apps/z_install_tree/linux-rocky8-ivybridge/gcc-12.2.0/texlive-20220321-7ejwbh
yks4jxvs4cg6cddeczjlnf2fhi/texmf-dist/tex/generic/pgf/basiclayer/pgfcoreshade.c
ode.tex
File: pgfcoreshade.code.tex 2021/05/15 v3.1.9a (3.1.9a)
\pgf@max=\dimen312
\pgf@sys@shading@range@num=\count346
\pgf@shadingcount=\count347
)
(/apps/z_install_tree/linux-rocky8-ivybridge/gcc-12.2.0/texlive-20220321-7ejwbh
yks4jxvs4cg6cddeczjlnf2fhi/texmf-dist/tex/generic/pgf/basiclayer/pgfcoreimage.c
ode.tex
File: pgfcoreimage.code.tex 2021/05/15 v3.1.9a (3.1.9a)

(/apps/z_install_tree/linux-rocky8-ivybridge/gcc-12.2.0/texlive-20220321-7ejwbh
yks4jxvs4cg6cddeczjlnf2fhi/texmf-dist/tex/generic/pgf/basiclayer/pgfcoreexterna
l.code.tex
File: pgfcoreexternal.code.tex 2021/05/15 v3.1.9a (3.1.9a)
\pgfexternal@startupbox=\box72
))
(/apps/z_install_tree/linux-rocky8-ivybridge/gcc-12.2.0/texlive-20220321-7ejwbh
yks4jxvs4cg6cddeczjlnf2fhi/texmf-dist/tex/generic/pgf/basiclayer/pgfcorelayers.
code.tex
File: pgfcorelayers.code.tex 2021/05/15 v3.1.9a (3.1.9a)
)
(/apps/z_install_tree/linux-rocky8-ivybridge/gcc-12.2.0/texlive-20220321-7ejwbh
yks4jxvs4cg6cddeczjlnf2fhi/texmf-dist/tex/generic/pgf/basiclayer/pgfcoretranspa
rency.code.tex
File: pgfcoretransparency.code.tex 2021/05/15 v3.1.9a (3.1.9a)
)
(/apps/z_install_tree/linux-rocky8-ivybridge/gcc-12.2.0/texlive-20220321-7ejwbh
yks4jxvs4cg6cddeczjlnf2fhi/texmf-dist/tex/generic/pgf/basiclayer/pgfcorepattern
s.code.tex
File: pgfcorepatterns.code.tex 2021/05/15 v3.1.9a (3.1.9a)
)
(/apps/z_install_tree/linux-rocky8-ivybridge/gcc-12.2.0/texlive-20220321-7ejwbh
yks4jxvs4cg6cddeczjlnf2fhi/texmf-dist/tex/generic/pgf/basiclayer/pgfcorerdf.cod
e.tex
File: pgfcorerdf.code.tex 2021/05/15 v3.1.9a (3.1.9a)
)))
(/apps/z_install_tree/linux-rocky8-ivybridge/gcc-12.2.0/texlive-20220321-7ejwbh
yks4jxvs4cg6cddeczjlnf2fhi/texmf-dist/tex/generic/pgf/modules/pgfmoduleshapes.c
ode.tex
File: pgfmoduleshapes.code.tex 2021/05/15 v3.1.9a (3.1.9a)
\pgfnodeparttextbox=\box73
)
(/apps/z_install_tree/linux-rocky8-ivybridge/gcc-12.2.0/texlive-20220321-7ejwbh
yks4jxvs4cg6cddeczjlnf2fhi/texmf-dist/tex/generic/pgf/modules/pgfmoduleplot.cod
e.tex
File: pgfmoduleplot.code.tex 2021/05/15 v3.1.9a (3.1.9a)
)
(/apps/z_install_tree/linux-rocky8-ivybridge/gcc-12.2.0/texlive-20220321-7ejwbh
yks4jxvs4cg6cddeczjlnf2fhi/texmf-dist/tex/latex/pgf/compatibility/pgfcomp-versi
on-0-65.sty
Package: pgfcomp-version-0-65 2021/05/15 v3.1.9a (3.1.9a)
\pgf@nodesepstart=\dimen313
\pgf@nodesepend=\dimen314
)
(/apps/z_install_tree/linux-rocky8-ivybridge/gcc-12.2.0/texlive-20220321-7ejwbh
yks4jxvs4cg6cddeczjlnf2fhi/texmf-dist/tex/latex/pgf/compatibility/pgfcomp-versi
on-1-18.sty
Package: pgfcomp-version-1-18 2021/05/15 v3.1.9a (3.1.9a)
))
(/apps/z_install_tree/linux-rocky8-ivybridge/gcc-12.2.0/texlive-20220321-7ejwbh
yks4jxvs4cg6cddeczjlnf2fhi/texmf-dist/tex/latex/pgf/utilities/pgffor.sty
(/apps/z_install_tree/linux-rocky8-ivybridge/gcc-12.2.0/texlive-20220321-7ejwbh
yks4jxvs4cg6cddeczjlnf2fhi/texmf-dist/tex/latex/pgf/utilities/pgfkeys.sty
(/apps/z_install_tree/linux-rocky8-ivybridge/gcc-12.2.0/texlive-20220321-7ejwbh
yks4jxvs4cg6cddeczjlnf2fhi/texmf-dist/tex/generic/pgf/utilities/pgfkeys.code.te
x))
(/apps/z_install_tree/linux-rocky8-ivybridge/gcc-12.2.0/texlive-20220321-7ejwbh
yks4jxvs4cg6cddeczjlnf2fhi/texmf-dist/tex/latex/pgf/math/pgfmath.sty
(/apps/z_install_tree/linux-rocky8-ivybridge/gcc-12.2.0/texlive-20220321-7ejwbh
yks4jxvs4cg6cddeczjlnf2fhi/texmf-dist/tex/generic/pgf/math/pgfmath.code.tex))
(/apps/z_install_tree/linux-rocky8-ivybridge/gcc-12.2.0/texlive-20220321-7ejwbh
yks4jxvs4cg6cddeczjlnf2fhi/texmf-dist/tex/generic/pgf/utilities/pgffor.code.tex
Package: pgffor 2021/05/15 v3.1.9a (3.1.9a)

(/apps/z_install_tree/linux-rocky8-ivybridge/gcc-12.2.0/texlive-20220321-7ejwbh
yks4jxvs4cg6cddeczjlnf2fhi/texmf-dist/tex/generic/pgf/math/pgfmath.code.tex)
\pgffor@iter=\dimen315
\pgffor@skip=\dimen316
\pgffor@stack=\toks46
\pgffor@toks=\toks47
))
(/apps/z_install_tree/linux-rocky8-ivybridge/gcc-12.2.0/texlive-20220321-7ejwbh
yks4jxvs4cg6cddeczjlnf2fhi/texmf-dist/tex/generic/pgf/frontendlayer/tikz/tikz.c
ode.tex
Package: tikz 2021/05/15 v3.1.9a (3.1.9a)

(/apps/z_install_tree/linux-rocky8-ivybridge/gcc-12.2.0/texlive-20220321-7ejwbh
yks4jxvs4cg6cddeczjlnf2fhi/texmf-dist/tex/generic/pgf/libraries/pgflibraryploth
andlers.code.tex
File: pgflibraryplothandlers.code.tex 2021/05/15 v3.1.9a (3.1.9a)
\pgf@plot@mark@count=\count348
\pgfplotmarksize=\dimen317
)
\tikz@lastx=\dimen318
\tikz@lasty=\dimen319
\tikz@lastxsaved=\dimen320
\tikz@lastysaved=\dimen321
\tikz@lastmovetox=\dimen322
\tikz@lastmovetoy=\dimen323
\tikzleveldistance=\dimen324
\tikzsiblingdistance=\dimen325
\tikz@figbox=\box74
\tikz@figbox@bg=\box75
\tikz@tempbox=\box76
\tikz@tempbox@bg=\box77
\tikztreelevel=\count349
\tikznumberofchildren=\count350
\tikznumberofcurrentchild=\count351
\tikz@fig@count=\count352

(/apps/z_install_tree/linux-rocky8-ivybridge/gcc-12.2.0/texlive-20220321-7ejwbh
yks4jxvs4cg6cddeczjlnf2fhi/texmf-dist/tex/generic/pgf/modules/pgfmodulematrix.c
ode.tex
File: pgfmodulematrix.code.tex 2021/05/15 v3.1.9a (3.1.9a)
\pgfmatrixcurrentrow=\count353
\pgfmatrixcurrentcolumn=\count354
\pgf@matrix@numberofcolumns=\count355
)
\tikz@expandcount=\count356

(/apps/z_install_tree/linux-rocky8-ivybridge/gcc-12.2.0/texlive-20220321-7ejwbh
yks4jxvs4cg6cddeczjlnf2fhi/texmf-dist/tex/generic/pgf/frontendlayer/tikz/librar
ies/tikzlibrarytopaths.code.tex
File: tikzlibrarytopaths.code.tex 2021/05/15 v3.1.9a (3.1.9a)
)))
(/apps/z_install_tree/linux-rocky8-ivybridge/gcc-12.2.0/texlive-20220321-7ejwbh
yks4jxvs4cg6cddeczjlnf2fhi/texmf-dist/tex/generic/pgfplots/pgfplots.code.tex
(/apps/z_install_tree/linux-rocky8-ivybridge/gcc-12.2.0/texlive-20220321-7ejwbh
yks4jxvs4cg6cddeczjlnf2fhi/texmf-dist/tex/generic/pgfplots/pgfplotscore.code.te
x
\t@pgfplots@toka=\toks48
\t@pgfplots@tokb=\toks49
\t@pgfplots@tokc=\toks50
\pgfplots@tmpa=\dimen326
\c@pgfplots@coordindex=\count357
\c@pgfplots@scanlineindex=\count358

(/apps/z_install_tree/linux-rocky8-ivybridge/gcc-12.2.0/texlive-20220321-7ejwbh
yks4jxvs4cg6cddeczjlnf2fhi/texmf-dist/tex/generic/pgfplots/sys/pgfplotssysgener
ic.code.tex))
(/apps/z_install_tree/linux-rocky8-ivybridge/gcc-12.2.0/texlive-20220321-7ejwbh
yks4jxvs4cg6cddeczjlnf2fhi/texmf-dist/tex/generic/pgfplots/libs/pgfplotslibrary
.code.tex)
(/apps/z_install_tree/linux-rocky8-ivybridge/gcc-12.2.0/texlive-20220321-7ejwbh
yks4jxvs4cg6cddeczjlnf2fhi/texmf-dist/tex/generic/pgfplots/oldpgfcompatib/pgfpl
otsoldpgfsupp_loader.code.tex
(/apps/z_install_tree/linux-rocky8-ivybridge/gcc-12.2.0/texlive-20220321-7ejwbh
yks4jxvs4cg6cddeczjlnf2fhi/texmf-dist/tex/generic/pgf/libraries/pgflibraryfpu.c
ode.tex))
(/apps/z_install_tree/linux-rocky8-ivybridge/gcc-12.2.0/texlive-20220321-7ejwbh
yks4jxvs4cg6cddeczjlnf2fhi/texmf-dist/tex/generic/pgfplots/util/pgfplotsutil.co
de.tex
(/apps/z_install_tree/linux-rocky8-ivybridge/gcc-12.2.0/texlive-20220321-7ejwbh
yks4jxvs4cg6cddeczjlnf2fhi/texmf-dist/tex/generic/pgfplots/liststructure/pgfplo
tsliststructure.code.tex)
(/apps/z_install_tree/linux-rocky8-ivybridge/gcc-12.2.0/texlive-20220321-7ejwbh
yks4jxvs4cg6cddeczjlnf2fhi/texmf-dist/tex/generic/pgfplots/liststructure/pgfplo
tsliststructureext.code.tex)
(/apps/z_install_tree/linux-rocky8-ivybridge/gcc-12.2.0/texlive-20220321-7ejwbh
yks4jxvs4cg6cddeczjlnf2fhi/texmf-dist/tex/generic/pgfplots/liststructure/pgfplo
tsarray.code.tex
\c@pgfplotsarray@tmp=\count359
)
(/apps/z_install_tree/linux-rocky8-ivybridge/gcc-12.2.0/texlive-20220321-7ejwbh
yks4jxvs4cg6cddeczjlnf2fhi/texmf-dist/tex/generic/pgfplots/liststructure/pgfplo
tsmatrix.code.tex)
(/apps/z_install_tree/linux-rocky8-ivybridge/gcc-12.2.0/texlive-20220321-7ejwbh
yks4jxvs4cg6cddeczjlnf2fhi/texmf-dist/tex/generic/pgfplots/numtable/pgfplotstab
leshared.code.tex
\c@pgfplotstable@counta=\count360
\t@pgfplotstable@a=\toks51
)
(/apps/z_install_tree/linux-rocky8-ivybridge/gcc-12.2.0/texlive-20220321-7ejwbh
yks4jxvs4cg6cddeczjlnf2fhi/texmf-dist/tex/generic/pgfplots/liststructure/pgfplo
tsdeque.code.tex)
(/apps/z_install_tree/linux-rocky8-ivybridge/gcc-12.2.0/texlive-20220321-7ejwbh
yks4jxvs4cg6cddeczjlnf2fhi/texmf-dist/tex/generic/pgfplots/util/pgfplotsbinary.
code.tex
(/apps/z_install_tree/linux-rocky8-ivybridge/gcc-12.2.0/texlive-20220321-7ejwbh
yks4jxvs4cg6cddeczjlnf2fhi/texmf-dist/tex/generic/pgfplots/util/pgfplotsbinary.
data.code.tex))
(/apps/z_install_tree/linux-rocky8-ivybridge/gcc-12.2.0/texlive-20220321-7ejwbh
yks4jxvs4cg6cddeczjlnf2fhi/texmf-dist/tex/generic/pgfplots/util/pgfplotsutil.ve
rb.code.tex)
(/apps/z_install_tree/linux-rocky8-ivybridge/gcc-12.2.0/texlive-20220321-7ejwbh
yks4jxvs4cg6cddeczjlnf2fhi/texmf-dist/tex/generic/pgfplots/libs/pgflibrarypgfpl
ots.surfshading.code.tex
\c@pgfplotslibrarysurf@no=\count361

(/apps/z_install_tree/linux-rocky8-ivybridge/gcc-12.2.0/texlive-20220321-7ejwbh
yks4jxvs4cg6cddeczjlnf2fhi/texmf-dist/tex/generic/pgfplots/sys/pgflibrarypgfplo
ts.surfshading.pgfsys-pdftex.def)))
(/apps/z_install_tree/linux-rocky8-ivybridge/gcc-12.2.0/texlive-20220321-7ejwbh
yks4jxvs4cg6cddeczjlnf2fhi/texmf-dist/tex/generic/pgfplots/util/pgfplotscolorma
p.code.tex
(/apps/z_install_tree/linux-rocky8-ivybridge/gcc-12.2.0/texlive-20220321-7ejwbh
yks4jxvs4cg6cddeczjlnf2fhi/texmf-dist/tex/generic/pgfplots/util/pgfplotscolor.c
ode.tex))
(/apps/z_install_tree/linux-rocky8-ivybridge/gcc-12.2.0/texlive-20220321-7ejwbh
yks4jxvs4cg6cddeczjlnf2fhi/texmf-dist/tex/generic/pgfplots/pgfplotsstackedplots
.code.tex)
(/apps/z_install_tree/linux-rocky8-ivybridge/gcc-12.2.0/texlive-20220321-7ejwbh
yks4jxvs4cg6cddeczjlnf2fhi/texmf-dist/tex/generic/pgfplots/pgfplotsplothandlers
.code.tex
(/apps/z_install_tree/linux-rocky8-ivybridge/gcc-12.2.0/texlive-20220321-7ejwbh
yks4jxvs4cg6cddeczjlnf2fhi/texmf-dist/tex/generic/pgfplots/pgfplotsmeshplothand
ler.code.tex
(/apps/z_install_tree/linux-rocky8-ivybridge/gcc-12.2.0/texlive-20220321-7ejwbh
yks4jxvs4cg6cddeczjlnf2fhi/texmf-dist/tex/generic/pgfplots/pgfplotsmeshplotimag
e.code.tex)))
(/apps/z_install_tree/linux-rocky8-ivybridge/gcc-12.2.0/texlive-20220321-7ejwbh
yks4jxvs4cg6cddeczjlnf2fhi/texmf-dist/tex/generic/pgfplots/pgfplots.scaling.cod
e.tex)
(/apps/z_install_tree/linux-rocky8-ivybridge/gcc-12.2.0/texlive-20220321-7ejwbh
yks4jxvs4cg6cddeczjlnf2fhi/texmf-dist/tex/generic/pgfplots/pgfplotscoordprocess
ing.code.tex)
(/apps/z_install_tree/linux-rocky8-ivybridge/gcc-12.2.0/texlive-20220321-7ejwbh
yks4jxvs4cg6cddeczjlnf2fhi/texmf-dist/tex/generic/pgfplots/pgfplots.errorbars.c
ode.tex)
(/apps/z_install_tree/linux-rocky8-ivybridge/gcc-12.2.0/texlive-20220321-7ejwbh
yks4jxvs4cg6cddeczjlnf2fhi/texmf-dist/tex/generic/pgfplots/pgfplots.markers.cod
e.tex)
(/apps/z_install_tree/linux-rocky8-ivybridge/gcc-12.2.0/texlive-20220321-7ejwbh
yks4jxvs4cg6cddeczjlnf2fhi/texmf-dist/tex/generic/pgfplots/pgfplotsticks.code.t
ex)
(/apps/z_install_tree/linux-rocky8-ivybridge/gcc-12.2.0/texlive-20220321-7ejwbh
yks4jxvs4cg6cddeczjlnf2fhi/texmf-dist/tex/generic/pgfplots/pgfplots.paths.code.
tex)
(/apps/z_install_tree/linux-rocky8-ivybridge/gcc-12.2.0/texlive-20220321-7ejwbh
yks4jxvs4cg6cddeczjlnf2fhi/texmf-dist/tex/generic/pgf/frontendlayer/tikz/librar
ies/tikzlibrarydecorations.code.tex
(/apps/z_install_tree/linux-rocky8-ivybridge/gcc-12.2.0/texlive-20220321-7ejwbh
yks4jxvs4cg6cddeczjlnf2fhi/texmf-dist/tex/generic/pgf/modules/pgfmoduledecorati
ons.code.tex
\pgfdecoratedcompleteddistance=\dimen327
\pgfdecoratedremainingdistance=\dimen328
\pgfdecoratedinputsegmentcompleteddistance=\dimen329
\pgfdecoratedinputsegmentremainingdistance=\dimen330
\pgf@decorate@distancetomove=\dimen331
\pgf@decorate@repeatstate=\count362
\pgfdecorationsegmentamplitude=\dimen332
\pgfdecorationsegmentlength=\dimen333
)
\tikz@lib@dec@box=\box78
)
(/apps/z_install_tree/linux-rocky8-ivybridge/gcc-12.2.0/texlive-20220321-7ejwbh
yks4jxvs4cg6cddeczjlnf2fhi/texmf-dist/tex/generic/pgf/frontendlayer/tikz/librar
ies/tikzlibrarydecorations.pathmorphing.code.tex
(/apps/z_install_tree/linux-rocky8-ivybridge/gcc-12.2.0/texlive-20220321-7ejwbh
yks4jxvs4cg6cddeczjlnf2fhi/texmf-dist/tex/generic/pgf/libraries/decorations/pgf
librarydecorations.pathmorphing.code.tex))
(/apps/z_install_tree/linux-rocky8-ivybridge/gcc-12.2.0/texlive-20220321-7ejwbh
yks4jxvs4cg6cddeczjlnf2fhi/texmf-dist/tex/generic/pgf/frontendlayer/tikz/librar
ies/tikzlibrarydecorations.pathreplacing.code.tex
(/apps/z_install_tree/linux-rocky8-ivybridge/gcc-12.2.0/texlive-20220321-7ejwbh
yks4jxvs4cg6cddeczjlnf2fhi/texmf-dist/tex/generic/pgf/libraries/decorations/pgf
librarydecorations.pathreplacing.code.tex))
(/apps/z_install_tree/linux-rocky8-ivybridge/gcc-12.2.0/texlive-20220321-7ejwbh
yks4jxvs4cg6cddeczjlnf2fhi/texmf-dist/tex/generic/pgfplots/libs/tikzlibrarypgfp
lots.contourlua.code.tex)
\pgfplots@numplots=\count363
\pgfplots@xmin@reg=\dimen334
\pgfplots@xmax@reg=\dimen335
\pgfplots@ymin@reg=\dimen336
\pgfplots@ymax@reg=\dimen337
\pgfplots@zmin@reg=\dimen338
\pgfplots@zmax@reg=\dimen339
)
(/apps/z_install_tree/linux-rocky8-ivybridge/gcc-12.2.0/texlive-20220321-7ejwbh
yks4jxvs4cg6cddeczjlnf2fhi/texmf-dist/tex/generic/pgf/frontendlayer/tikz/librar
ies/tikzlibraryplotmarks.code.tex
File: tikzlibraryplotmarks.code.tex 2021/05/15 v3.1.9a (3.1.9a)

(/apps/z_install_tree/linux-rocky8-ivybridge/gcc-12.2.0/texlive-20220321-7ejwbh
yks4jxvs4cg6cddeczjlnf2fhi/texmf-dist/tex/generic/pgf/libraries/pgflibraryplotm
arks.code.tex
File: pgflibraryplotmarks.code.tex 2021/05/15 v3.1.9a (3.1.9a)
)))
(/apps/z_install_tree/linux-rocky8-ivybridge/gcc-12.2.0/texlive-20220321-7ejwbh
yks4jxvs4cg6cddeczjlnf2fhi/texmf-dist/tex/latex/algorithms/algorithm.sty
Package: algorithm 2009/08/24 v0.1 Document Style `algorithm' - floating enviro
nment

(/apps/z_install_tree/linux-rocky8-ivybridge/gcc-12.2.0/texlive-20220321-7ejwbh
yks4jxvs4cg6cddeczjlnf2fhi/texmf-dist/tex/latex/base/ifthen.sty
Package: ifthen 2020/11/24 v1.1c Standard LaTeX ifthen package (DPC)
)
\@float@every@algorithm=\toks52
\c@algorithm=\count364
)
(/apps/z_install_tree/linux-rocky8-ivybridge/gcc-12.2.0/texlive-20220321-7ejwbh
yks4jxvs4cg6cddeczjlnf2fhi/texmf-dist/tex/latex/algorithmicx/algpseudocode.sty
Package: algpseudocode 

(/apps/z_install_tree/linux-rocky8-ivybridge/gcc-12.2.0/texlive-20220321-7ejwbh
yks4jxvs4cg6cddeczjlnf2fhi/texmf-dist/tex/latex/algorithmicx/algorithmicx.sty
Package: algorithmicx 2005/04/27 v1.2 Algorithmicx

Document Style algorithmicx 1.2 - a greatly improved `algorithmic' style
\c@ALG@line=\count365
\c@ALG@rem=\count366
\c@ALG@nested=\count367
\ALG@tlm=\skip81
\ALG@thistlm=\skip82
\c@ALG@Lnr=\count368
\c@ALG@blocknr=\count369
\c@ALG@storecount=\count370
\c@ALG@tmpcounter=\count371
\ALG@tmplength=\skip83
)
Document Style - pseudocode environments for use with the `algorithmicx' style
)
(/apps/z_install_tree/linux-rocky8-ivybridge/gcc-12.2.0/texlive-20220321-7ejwbh
yks4jxvs4cg6cddeczjlnf2fhi/texmf-dist/tex/generic/pgf/frontendlayer/tikz/librar
ies/tikzlibrarypositioning.code.tex
File: tikzlibrarypositioning.code.tex 2021/05/15 v3.1.9a (3.1.9a)
)
(/apps/z_install_tree/linux-rocky8-ivybridge/gcc-12.2.0/texlive-20220321-7ejwbh
yks4jxvs4cg6cddeczjlnf2fhi/texmf-dist/tex/latex/listings/listings.sty
\lst@mode=\count372
\lst@gtempboxa=\box79
\lst@token=\toks53
\lst@length=\count373
\lst@currlwidth=\dimen340
\lst@column=\count374
\lst@pos=\count375
\lst@lostspace=\dimen341
\lst@width=\dimen342
\lst@newlines=\count376
\lst@lineno=\count377
\lst@maxwidth=\dimen343

(/apps/z_install_tree/linux-rocky8-ivybridge/gcc-12.2.0/texlive-20220321-7ejwbh
yks4jxvs4cg6cddeczjlnf2fhi/texmf-dist/tex/latex/listings/lstmisc.sty
File: lstmisc.sty 2020/03/24 1.8d (Carsten Heinz)
\c@lstnumber=\count378
\lst@skipnumbers=\count379
\lst@framebox=\box80
)
(/apps/z_install_tree/linux-rocky8-ivybridge/gcc-12.2.0/texlive-20220321-7ejwbh
yks4jxvs4cg6cddeczjlnf2fhi/texmf-dist/tex/latex/listings/listings.cfg
File: listings.cfg 2020/03/24 1.8d listings configuration
))
Package: listings 2020/03/24 1.8d (Carsten Heinz)

(/apps/z_install_tree/linux-rocky8-ivybridge/gcc-12.2.0/texlive-20220321-7ejwbh
yks4jxvs4cg6cddeczjlnf2fhi/texmf-dist/tex/latex/pdflscape/pdflscape.sty
Package: pdflscape 2019/12/05 v0.12 Display of landscape pages in PDF (HO)

(/apps/z_install_tree/linux-rocky8-ivybridge/gcc-12.2.0/texlive-20220321-7ejwbh
yks4jxvs4cg6cddeczjlnf2fhi/texmf-dist/tex/latex/graphics/lscape.sty
Package: lscape 2020/05/28 v3.02 Landscape Pages (DPC)
)
Package pdflscape Info: Auto-detected driver: pdftex on input line 81.
)
(/apps/z_install_tree/linux-rocky8-ivybridge/gcc-12.2.0/texlive-20220321-7ejwbh
yks4jxvs4cg6cddeczjlnf2fhi/texmf-dist/tex/generic/pgf/frontendlayer/tikz/librar
ies/tikzlibraryshapes.geometric.code.tex
File: tikzlibraryshapes.geometric.code.tex 2021/05/15 v3.1.9a (3.1.9a)

(/apps/z_install_tree/linux-rocky8-ivybridge/gcc-12.2.0/texlive-20220321-7ejwbh
yks4jxvs4cg6cddeczjlnf2fhi/texmf-dist/tex/generic/pgf/libraries/shapes/pgflibra
ryshapes.geometric.code.tex
File: pgflibraryshapes.geometric.code.tex 2021/05/15 v3.1.9a (3.1.9a)
))
(/apps/z_install_tree/linux-rocky8-ivybridge/gcc-12.2.0/texlive-20220321-7ejwbh
yks4jxvs4cg6cddeczjlnf2fhi/texmf-dist/tex/latex/changepage/changepage.sty
Package: changepage 2009/10/20 v1.0c check page and change page layout
\c@cp@cntr=\count380
\cp@tempcnt=\count381
)
(/apps/z_install_tree/linux-rocky8-ivybridge/gcc-12.2.0/texlive-20220321-7ejwbh
yks4jxvs4cg6cddeczjlnf2fhi/texmf-dist/tex/latex/adjustbox/adjustbox.sty
Package: adjustbox 2020/08/19 v1.3 Adjusting TeX boxes (trim, clip, ...)

(/apps/z_install_tree/linux-rocky8-ivybridge/gcc-12.2.0/texlive-20220321-7ejwbh
yks4jxvs4cg6cddeczjlnf2fhi/texmf-dist/tex/latex/xkeyval/xkeyval.sty
Package: xkeyval 2020/11/20 v2.8 package option processing (HA)

(/apps/z_install_tree/linux-rocky8-ivybridge/gcc-12.2.0/texlive-20220321-7ejwbh
yks4jxvs4cg6cddeczjlnf2fhi/texmf-dist/tex/generic/xkeyval/xkeyval.tex
(/apps/z_install_tree/linux-rocky8-ivybridge/gcc-12.2.0/texlive-20220321-7ejwbh
yks4jxvs4cg6cddeczjlnf2fhi/texmf-dist/tex/generic/xkeyval/xkvutils.tex
\XKV@toks=\toks54
\XKV@tempa@toks=\toks55
)
\XKV@depth=\count382
File: xkeyval.tex 2014/12/03 v2.7a key=value parser (HA)
))
(/apps/z_install_tree/linux-rocky8-ivybridge/gcc-12.2.0/texlive-20220321-7ejwbh
yks4jxvs4cg6cddeczjlnf2fhi/texmf-dist/tex/latex/adjustbox/adjcalc.sty
Package: adjcalc 2012/05/16 v1.1 Provides advanced setlength with multiple back
-ends (calc, etex, pgfmath)
)
(/apps/z_install_tree/linux-rocky8-ivybridge/gcc-12.2.0/texlive-20220321-7ejwbh
yks4jxvs4cg6cddeczjlnf2fhi/texmf-dist/tex/latex/adjustbox/trimclip.sty
Package: trimclip 2020/08/19 v1.2 Trim and clip general TeX material

(/apps/z_install_tree/linux-rocky8-ivybridge/gcc-12.2.0/texlive-20220321-7ejwbh
yks4jxvs4cg6cddeczjlnf2fhi/texmf-dist/tex/latex/collectbox/collectbox.sty
Package: collectbox 2012/05/17 v0.4b Collect macro arguments as boxes
\collectedbox=\box81
)
\tc@llx=\dimen344
\tc@lly=\dimen345
\tc@urx=\dimen346
\tc@ury=\dimen347
Package trimclip Info: Using driver 'tc-pdftex.def'.

(/apps/z_install_tree/linux-rocky8-ivybridge/gcc-12.2.0/texlive-20220321-7ejwbh
yks4jxvs4cg6cddeczjlnf2fhi/texmf-dist/tex/latex/adjustbox/tc-pdftex.def
File: tc-pdftex.def 2019/01/04 v2.2 Clipping driver for pdftex
))
\adjbox@Width=\dimen348
\adjbox@Height=\dimen349
\adjbox@Depth=\dimen350
\adjbox@Totalheight=\dimen351
\adjbox@pwidth=\dimen352
\adjbox@pheight=\dimen353
\adjbox@pdepth=\dimen354
\adjbox@ptotalheight=\dimen355

(/apps/z_install_tree/linux-rocky8-ivybridge/gcc-12.2.0/texlive-20220321-7ejwbh
yks4jxvs4cg6cddeczjlnf2fhi/texmf-dist/tex/latex/ifoddpage/ifoddpage.sty
Package: ifoddpage 2016/04/23 v1.1 Conditionals for odd/even page detection
\c@checkoddpage=\count383
LaTeX Info: Redefining \checkoddpage on input line 45.
)
(/apps/z_install_tree/linux-rocky8-ivybridge/gcc-12.2.0/texlive-20220321-7ejwbh
yks4jxvs4cg6cddeczjlnf2fhi/texmf-dist/tex/latex/varwidth/varwidth.sty
Package: varwidth 2009/03/30 ver 0.92;  Variable-width minipages
\@vwid@box=\box82
\sift@deathcycles=\count384
\@vwid@loff=\dimen356
\@vwid@roff=\dimen357
))
(/apps/z_install_tree/linux-rocky8-ivybridge/gcc-12.2.0/texlive-20220321-7ejwbh
yks4jxvs4cg6cddeczjlnf2fhi/texmf-dist/tex/latex/lastpage/lastpage.sty
Package: lastpage 2021/09/03 v1.2n Refers to last page's name (HMM; JPG)
)

Package hyperref Warning: Token not allowed in a PDF string (Unicode):
(hyperref)                removing `\\' on input line 55.

\csgdef{mark@corau1}{1}
\csgdef{mark@fnau1}{1}
\emailauthor{ruiyi.zhao1@unsw.edu.au}{Ruiyi Zhao}
\urlauthor{https://rciti.unsw.edu.au/}{Ruiyi Zhao}
\csgdef{mark@fnau2}{2}
\emailauthor{rashidi@unsw.edu.au}{Taha Rashidi}
\csgdef{mark@fnau3}{2}
\emailauthor{s.waller@unsw.edu.au}{S. Travis Waller}
\emailauthor{steven_travis.waller@tu-dresden.de}{S. Travis Waller}
LaTeX Font Info:    Trying to load font information for T1+stix on input line 9
7.

(/apps/z_install_tree/linux-rocky8-ivybridge/gcc-12.2.0/texlive-20220321-7ejwbh
yks4jxvs4cg6cddeczjlnf2fhi/texmf-dist/tex/latex/stix/t1stix.fd
File: t1stix.fd 2015/04/17 v1.1.2-latex STIX T1 font definitions
) (./main.aux)
\openout1 = `main.aux'.

LaTeX Font Info:    Checking defaults for OML/cmm/m/it on input line 97.
LaTeX Font Info:    ... okay on input line 97.
LaTeX Font Info:    Checking defaults for OMS/cmsy/m/n on input line 97.
LaTeX Font Info:    ... okay on input line 97.
LaTeX Font Info:    Checking defaults for OT1/cmr/m/n on input line 97.
LaTeX Font Info:    ... okay on input line 97.
LaTeX Font Info:    Checking defaults for T1/cmr/m/n on input line 97.
LaTeX Font Info:    ... okay on input line 97.
LaTeX Font Info:    Checking defaults for TS1/cmr/m/n on input line 97.
LaTeX Font Info:    ... okay on input line 97.
LaTeX Font Info:    Checking defaults for OMX/cmex/m/n on input line 97.
LaTeX Font Info:    ... okay on input line 97.
LaTeX Font Info:    Checking defaults for U/cmr/m/n on input line 97.
LaTeX Font Info:    ... okay on input line 97.
LaTeX Font Info:    Checking defaults for PD1/pdf/m/n on input line 97.
LaTeX Font Info:    ... okay on input line 97.
LaTeX Font Info:    Checking defaults for PU/pdf/m/n on input line 97.
LaTeX Font Info:    ... okay on input line 97.
LaTeX Font Info:    Checking defaults for LS1/stix/m/n on input line 97.
LaTeX Font Info:    Trying to load font information for LS1+stix on input line 
97.

(/apps/z_install_tree/linux-rocky8-ivybridge/gcc-12.2.0/texlive-20220321-7ejwbh
yks4jxvs4cg6cddeczjlnf2fhi/texmf-dist/tex/latex/stix/ls1stix.fd
File: ls1stix.fd 2015/04/17 v1.1.2-latex STIX LS1 font definitions
)
LaTeX Font Info:    ... okay on input line 97.
LaTeX Font Info:    Checking defaults for LS2/stix/m/n on input line 97.
LaTeX Font Info:    Trying to load font information for LS2+stix on input line 
97.

(/apps/z_install_tree/linux-rocky8-ivybridge/gcc-12.2.0/texlive-20220321-7ejwbh
yks4jxvs4cg6cddeczjlnf2fhi/texmf-dist/tex/latex/stix/ls2stix.fd
File: ls2stix.fd 2015/04/17 v1.1.2-latex STIX LS2 font definitions
)
LaTeX Font Info:    ... okay on input line 97.

(/apps/z_install_tree/linux-rocky8-ivybridge/gcc-12.2.0/texlive-20220321-7ejwbh
yks4jxvs4cg6cddeczjlnf2fhi/texmf-dist/tex/context/base/mkii/supp-pdf.mkii
[Loading MPS to PDF converter (version 2006.09.02).]
\scratchcounter=\count385
\scratchdimen=\dimen358
\scratchbox=\box83
\nofMPsegments=\count386
\nofMParguments=\count387
\everyMPshowfont=\toks56
\MPscratchCnt=\count388
\MPscratchDim=\dimen359
\MPnumerator=\count389
\makeMPintoPDFobject=\count390
\everyMPtoPDFconversion=\toks57
)
(/apps/z_install_tree/linux-rocky8-ivybridge/gcc-12.2.0/texlive-20220321-7ejwbh
yks4jxvs4cg6cddeczjlnf2fhi/texmf-dist/tex/latex/epstopdf-pkg/epstopdf-base.sty
Package: epstopdf-base 2020-01-24 v2.11 Base part for package epstopdf
Package epstopdf-base Info: Redefining graphics rule for `.eps' on input line 4
85.

(/apps/z_install_tree/linux-rocky8-ivybridge/gcc-12.2.0/texlive-20220321-7ejwbh
yks4jxvs4cg6cddeczjlnf2fhi/texmf-dist/tex/latex/latexconfig/epstopdf-sys.cfg
File: epstopdf-sys.cfg 2010/07/13 v1.3 Configuration of (r)epstopdf for TeX Liv
e
))
Package hyperref Info: Link coloring ON on input line 97.

(/apps/z_install_tree/linux-rocky8-ivybridge/gcc-12.2.0/texlive-20220321-7ejwbh
yks4jxvs4cg6cddeczjlnf2fhi/texmf-dist/tex/latex/hyperref/nameref.sty
Package: nameref 2021-04-02 v2.47 Cross-referencing by name of section

(/apps/z_install_tree/linux-rocky8-ivybridge/gcc-12.2.0/texlive-20220321-7ejwbh
yks4jxvs4cg6cddeczjlnf2fhi/texmf-dist/tex/latex/refcount/refcount.sty
Package: refcount 2019/12/15 v3.6 Data extraction from label references (HO)
)
(/apps/z_install_tree/linux-rocky8-ivybridge/gcc-12.2.0/texlive-20220321-7ejwbh
yks4jxvs4cg6cddeczjlnf2fhi/texmf-dist/tex/generic/gettitlestring/gettitlestring
.sty
Package: gettitlestring 2019/12/15 v1.6 Cleanup title references (HO)
)
\c@section@level=\count391
)
LaTeX Info: Redefining \ref on input line 97.
LaTeX Info: Redefining \pageref on input line 97.
LaTeX Info: Redefining \nameref on input line 97.
 (./main.out) (./main.out)
\@outlinefile=\write4
\openout4 = `main.out'.


*geometry* driver: auto-detecting
*geometry* detected driver: pdftex
*geometry* verbose mode - [ preamble ] result:
* driver: pdftex
* paper: custom
* layout: <same size as paper>
* layoutoffset:(h,v)=(0.0pt,0.0pt)
* modes: 
* h-part:(L,W,R)=(38.98026pt, 468.3324pt, 38.98026pt)
* v-part:(T,H,B)=(54.06023pt, 637.34175pt, 54.06023pt)
* \paperwidth=546.29291pt
* \paperheight=745.4622pt
* \textwidth=468.3324pt
* \textheight=637.34175pt
* \oddsidemargin=-33.28973pt
* \evensidemargin=-33.28973pt
* \topmargin=-42.20976pt
* \headheight=12.0pt
* \headsep=12.0pt
* \topskip=10.0pt
* \footskip=12.0pt
* \marginparwidth=57.0pt
* \marginparsep=11.0pt
* \columnsep=10.0pt
* \skip\footins=9.0pt plus 4.0pt minus 2.0pt
* \hoffset=0.0pt
* \voffset=0.0pt
* \mag=1000
* \@twocolumnfalse
* \@twosidefalse
* \@mparswitchfalse
* \@reversemarginfalse
* (1in=72.27pt=25.4mm, 1cm=28.453pt)

Package caption Info: Begin \AtBeginDocument code.
Package caption Info: changepage package is loaded.
\caption@adjustwidth@hsize=\dimen360
\caption@adjustwidth@linewidth=\dimen361
Package caption Info: listings package is loaded.
Package caption Info: End \AtBeginDocument code.
Package pgfplots notification 'compat/show suggested version=true': document ha
s been generated with the most recent feature set (\pgfplotsset{compat=1.18}).

\c@lstlisting=\count392
Package lastpage Info: Please have a look at the pageslts package at
(lastpage)             https://www.ctan.org/pkg/pageslts
(lastpage)             ! on input line 97.
\verbatim@out=\write5
\openout5 = `main.abs'.

LaTeX Font Info:    Trying to load font information for LS1+stixscr on input li
ne 112.

(/apps/z_install_tree/linux-rocky8-ivybridge/gcc-12.2.0/texlive-20220321-7ejwbh
yks4jxvs4cg6cddeczjlnf2fhi/texmf-dist/tex/latex/stix/ls1stixscr.fd
File: ls1stixscr.fd 2015/04/17 v1.1.2-latex STIX script LS1 font definitions
)
LaTeX Font Info:    Trying to load font information for LS2+stixex on input lin
e 112.

(/apps/z_install_tree/linux-rocky8-ivybridge/gcc-12.2.0/texlive-20220321-7ejwbh
yks4jxvs4cg6cddeczjlnf2fhi/texmf-dist/tex/latex/stix/ls2stixex.fd
File: ls2stixex.fd 2015/04/17 v1.1.2-latex STIX extentions LS2 font definitions

)
LaTeX Font Info:    Trying to load font information for U+msa on input line 112
.

(/apps/z_install_tree/linux-rocky8-ivybridge/gcc-12.2.0/texlive-20220321-7ejwbh
yks4jxvs4cg6cddeczjlnf2fhi/texmf-dist/tex/latex/amsfonts/umsa.fd
File: umsa.fd 2013/01/14 v3.01 AMS symbols A
)
LaTeX Font Info:    Trying to load font information for U+msb on input line 112
.

(/apps/z_install_tree/linux-rocky8-ivybridge/gcc-12.2.0/texlive-20220321-7ejwbh
yks4jxvs4cg6cddeczjlnf2fhi/texmf-dist/tex/latex/amsfonts/umsb.fd
File: umsb.fd 2013/01/14 v3.01 AMS symbols B
)
LaTeX Font Info:    Trying to load font information for LS1+stixfrak on input l
ine 112.

(/apps/z_install_tree/linux-rocky8-ivybridge/gcc-12.2.0/texlive-20220321-7ejwbh
yks4jxvs4cg6cddeczjlnf2fhi/texmf-dist/tex/latex/stix/ls1stixfrak.fd
File: ls1stixfrak.fd 2015/04/17 v1.1.2-latex STIX fraktur LS1 font definitions
)
LaTeX Font Info:    Trying to load font information for LS1+stixbb on input lin
e 112.

(/apps/z_install_tree/linux-rocky8-ivybridge/gcc-12.2.0/texlive-20220321-7ejwbh
yks4jxvs4cg6cddeczjlnf2fhi/texmf-dist/tex/latex/stix/ls1stixbb.fd
File: ls1stixbb.fd 2015/04/17 v1.1.2-latex STIX blackboard LS1 font definitions

)
LaTeX Font Info:    Trying to load font information for LS2+stixcal on input li
ne 112.

(/apps/z_install_tree/linux-rocky8-ivybridge/gcc-12.2.0/texlive-20220321-7ejwbh
yks4jxvs4cg6cddeczjlnf2fhi/texmf-dist/tex/latex/stix/ls2stixcal.fd
File: ls2stixcal.fd 2015/04/17 v1.1.2-latex STIX calligraphic LS2 font definiti
ons
)
LaTeX Font Info:    Trying to load font information for LS1+stixsf on input lin
e 112.

(/apps/z_install_tree/linux-rocky8-ivybridge/gcc-12.2.0/texlive-20220321-7ejwbh
yks4jxvs4cg6cddeczjlnf2fhi/texmf-dist/tex/latex/stix/ls1stixsf.fd
File: ls1stixsf.fd 2015/04/17 v1.1.2-latex STIX sans-serif LS1 font definitions

)
LaTeX Font Info:    Trying to load font information for LS2+stixtt on input lin
e 112.

(/apps/z_install_tree/linux-rocky8-ivybridge/gcc-12.2.0/texlive-20220321-7ejwbh
yks4jxvs4cg6cddeczjlnf2fhi/texmf-dist/tex/latex/stix/ls2stixtt.fd
File: ls2stixtt.fd 2015/04/17 v1.1.2-latex STIX typewriter LS2 font definitions

)
Overfull \hbox (117.0831pt too wide) detected at line 112
[]
 []

(./main.abs) [1

{/apps/z_install_tree/linux-rocky8-ivybridge/gcc-12.2.0/texlive-20220321-7ejwbh
yks4jxvs4cg6cddeczjlnf2fhi/texmf-dist/fonts/map/pdftex/updmap/pdftex.map}]
LaTeX Font Info:    Trying to load font information for TS1+stix on input line 
137.

(/apps/z_install_tree/linux-rocky8-ivybridge/gcc-12.2.0/texlive-20220321-7ejwbh
yks4jxvs4cg6cddeczjlnf2fhi/texmf-dist/tex/latex/stix/ts1stix.fd
File: ts1stix.fd 2015/04/17 v1.1.2-latex STIX TS1 font definitions
) [2]
<../Images//1_abm_etop_framework_fixed.png, id=413, 1806.75pt x 2409.0pt>
File: ../Images//1_abm_etop_framework_fixed.png Graphic file (type png)
<use ../Images//1_abm_etop_framework_fixed.png>
Package pdftex.def Info: ../Images//1_abm_etop_framework_fixed.png  used on inp
ut line 174.
(pdftex.def)             Requested size: 421.49629pt x 561.99815pt.
 [3]
[4] [5]
<../Images//2_centralised_ABM.png, id=457, 794.2172pt x 522.45187pt>
File: ../Images//2_centralised_ABM.png Graphic file (type png)
<use ../Images//2_centralised_ABM.png>
Package pdftex.def Info: ../Images//2_centralised_ABM.png  used on input line 2
54.
(pdftex.def)             Requested size: 374.66734pt x 246.46918pt.

Underfull \hbox (badness 10000) in paragraph at lines 286--286
[]|$[] \LS1/stix/m/n/9 =
 []


Overfull \hbox (17.13637pt too wide) in paragraph at lines 286--286
[]$| 
 []

<../Images//3_spatial_dist_current_income.png, id=461, 859.5312pt x 715.2321pt>

File: ../Images//3_spatial_dist_current_income.png Graphic file (type png)
<use ../Images//3_spatial_dist_current_income.png>
Package pdftex.def Info: ../Images//3_spatial_dist_current_income.png  used on 
input line 325.
(pdftex.def)             Requested size: 374.66734pt x 311.77826pt.
[6]
<../Images//4_dynamic_pricing_analysis.png, id=478, 853.5087pt x 855.9177pt>
File: ../Images//4_dynamic_pricing_analysis.png Graphic file (type png)
<use ../Images//4_dynamic_pricing_analysis.png>
Package pdftex.def Info: ../Images//4_dynamic_pricing_analysis.png  used on inp
ut line 338.
(pdftex.def)             Requested size: 468.3324pt x 469.64607pt.
<../Images//5_framework_simplified_flowchart.png, id=479, 1287.81125pt x 689.57
625pt>
File: ../Images//5_framework_simplified_flowchart.png Graphic file (type png)
<use ../Images//5_framework_simplified_flowchart.png>
Package pdftex.def Info: ../Images//5_framework_simplified_flowchart.png  used 
on input line 344.
(pdftex.def)             Requested size: 468.3324pt x 250.77255pt.
 [7] [8]
<../policy_figures//mode_share_equity_ci95.png, id=497, 722.7pt x 433.62pt>
File: ../policy_figures//mode_share_equity_ci95.png Graphic file (type png)
<use ../policy_figures//mode_share_equity_ci95.png>
Package pdftex.def Info: ../policy_figures//mode_share_equity_ci95.png  used on
 input line 417.
(pdftex.def)             Requested size: 468.3324pt x 281.00275pt.
<../policy_figures//mode_share_budget_used_ci95.png, id=499, 722.7pt x 433.62pt
>
File: ../policy_figures//mode_share_budget_used_ci95.png Graphic file (type png
)
<use ../policy_figures//mode_share_budget_used_ci95.png>
Package pdftex.def Info: ../policy_figures//mode_share_budget_used_ci95.png  us
ed on input line 429.
(pdftex.def)             Requested size: 468.3324pt x 281.00275pt.
<../policy_figures//mode_share_allocation_heatmap.png, id=500, 867.24pt x 433.6
2pt>
File: ../policy_figures//mode_share_allocation_heatmap.png Graphic file (type p
ng)
<use ../policy_figures//mode_share_allocation_heatmap.png>
Package pdftex.def Info: ../policy_figures//mode_share_allocation_heatmap.png  
used on input line 436.
(pdftex.def)             Requested size: 421.49629pt x 210.74875pt.
<../policy_figures//travel_time_equity_ci95.png, id=501, 722.7pt x 433.62pt>
File: ../policy_figures//travel_time_equity_ci95.png Graphic file (type png)
<use ../policy_figures//travel_time_equity_ci95.png>
Package pdftex.def Info: ../policy_figures//travel_time_equity_ci95.png  used o
n input line 448.
(pdftex.def)             Requested size: 468.3324pt x 281.00275pt.
<../policy_figures//travel_time_budget_used_ci95.png, id=502, 722.7pt x 433.62p
t>
File: ../policy_figures//travel_time_budget_used_ci95.png Graphic file (type pn
g)
<use ../policy_figures//travel_time_budget_used_ci95.png>
Package pdftex.def Info: ../policy_figures//travel_time_budget_used_ci95.png  u
sed on input line 460.
(pdftex.def)             Requested size: 468.3324pt x 281.00275pt.
 [9]
<../policy_figures//travel_time_allocation_heatmap.png, id=510, 867.24pt x 433.
62pt>
File: ../policy_figures//travel_time_allocation_heatmap.png Graphic file (type 
png)
<use ../policy_figures//travel_time_allocation_heatmap.png>
Package pdftex.def Info: ../policy_figures//travel_time_allocation_heatmap.png 
 used on input line 467.
(pdftex.def)             Requested size: 421.49629pt x 210.74875pt.
<../policy_figures//tstt_ci95.png, id=512, 722.7pt x 433.62pt>
File: ../policy_figures//tstt_ci95.png Graphic file (type png)
<use ../policy_figures//tstt_ci95.png>
Package pdftex.def Info: ../policy_figures//tstt_ci95.png  used on input line 4
79.
(pdftex.def)             Requested size: 468.3324pt x 281.00275pt.
<../policy_figures//tstt_avg_trip_time_ci95.png, id=513, 722.7pt x 433.62pt>
File: ../policy_figures//tstt_avg_trip_time_ci95.png Graphic file (type png)
<use ../policy_figures//tstt_avg_trip_time_ci95.png>
Package pdftex.def Info: ../policy_figures//tstt_avg_trip_time_ci95.png  used o
n input line 485.
(pdftex.def)             Requested size: 468.3324pt x 281.00275pt.
<../policy_figures//tstt_budget_used_ci95.png, id=514, 722.7pt x 433.62pt>
File: ../policy_figures//tstt_budget_used_ci95.png Graphic file (type png)
<use ../policy_figures//tstt_budget_used_ci95.png>
Package pdftex.def Info: ../policy_figures//tstt_budget_used_ci95.png  used on 
input line 499.
(pdftex.def)             Requested size: 468.3324pt x 281.00275pt.
<../policy_figures//tstt_total_trips_ci95.png, id=515, 722.7pt x 433.62pt>
File: ../policy_figures//tstt_total_trips_ci95.png Graphic file (type png)
<use ../policy_figures//tstt_total_trips_ci95.png>
Package pdftex.def Info: ../policy_figures//tstt_total_trips_ci95.png  used on 
input line 505.
(pdftex.def)             Requested size: 468.3324pt x 281.00275pt.
<../policy_figures//cross_policy_optimal_fps_comparison.png, id=516, 1204.5pt x
 722.7pt>
File: ../policy_figures//cross_policy_optimal_fps_comparison.png Graphic file (
type png)
<use ../policy_figures//cross_policy_optimal_fps_comparison.png>
Package pdftex.def Info: ../policy_figures//cross_policy_optimal_fps_comparison
.png  used on input line 518.
(pdftex.def)             Requested size: 374.66734pt x 224.79558pt.
<../policy_figures//cross_policy_income_shares.png, id=517, 1204.5pt x 722.7pt>

File: ../policy_figures//cross_policy_income_shares.png Graphic file (type png)

<use ../policy_figures//cross_policy_income_shares.png>
Package pdftex.def Info: ../policy_figures//cross_policy_income_shares.png  use
d on input line 525.
(pdftex.def)             Requested size: 374.66734pt x 224.79558pt.
<../policy_figures//cross_policy_performance_tradeoffs.png, id=518, 1204.5pt x 
722.7pt>
File: ../policy_figures//cross_policy_performance_tradeoffs.png Graphic file (t
ype png)
<use ../policy_figures//cross_policy_performance_tradeoffs.png>
Package pdftex.def Info: ../policy_figures//cross_policy_performance_tradeoffs.
png  used on input line 532.
(pdftex.def)             Requested size: 374.66734pt x 224.79558pt.
<../policy_figures//cross_policy_composite_ranking.png, id=519, 1204.5pt x 722.
7pt>
File: ../policy_figures//cross_policy_composite_ranking.png Graphic file (type 
png)
<use ../policy_figures//cross_policy_composite_ranking.png>
Package pdftex.def Info: ../policy_figures//cross_policy_composite_ranking.png 
 used on input line 538.
(pdftex.def)             Requested size: 468.3324pt x 281.00275pt.
<../policy_figures//cross_policy_decision_support.png, id=520, 1606.0pt x 1104.
125pt>
File: ../policy_figures//cross_policy_decision_support.png Graphic file (type p
ng)
<use ../policy_figures//cross_policy_decision_support.png>
Package pdftex.def Info: ../policy_figures//cross_policy_decision_support.png  
used on input line 545.
(pdftex.def)             Requested size: 468.3324pt x 321.97389pt.
<../policy_figures//cross_policy_normalized_performance.png, id=535, 1204.5pt x
 722.7pt>
File: ../policy_figures//cross_policy_normalized_performance.png Graphic file (
type png)
<use ../policy_figures//cross_policy_normalized_performance.png>
Package pdftex.def Info: ../policy_figures//cross_policy_normalized_performance
.png  used on input line 560.
(pdftex.def)             Requested size: 468.3324pt x 281.00275pt.
 [10]
<../policy_figures//cross_policy_marginal_returns.png, id=544, 1204.5pt x 722.7
pt>
File: ../policy_figures//cross_policy_marginal_returns.png Graphic file (type p
ng)
<use ../policy_figures//cross_policy_marginal_returns.png>
Package pdftex.def Info: ../policy_figures//cross_policy_marginal_returns.png  
used on input line 566.
(pdftex.def)             Requested size: 374.66734pt x 224.79558pt.
<../policy_figures//cross_policy_budget_usage.png, id=545, 1204.5pt x 722.7pt>
File: ../policy_figures//cross_policy_budget_usage.png Graphic file (type png)
<use ../policy_figures//cross_policy_budget_usage.png>
Package pdftex.def Info: ../policy_figures//cross_policy_budget_usage.png  used
 on input line 572.
(pdftex.def)             Requested size: 374.66734pt x 224.79558pt.

Underfull \hbox (badness 7925) in paragraph at lines 598--598
[]|\T1/cmss/m/n/9 Total Sys-tem Travel
 []


Underfull \hbox (badness 3460) in paragraph at lines 625--625
[]|\T1/cmss/m/n/9 Pilot Run: 6--12
 []


Underfull \hbox (badness 10000) in paragraph at lines 633--633
[]|\T1/cmss/m/n/9 Scaled
 []


Underfull \hbox (badness 10000) in paragraph at lines 633--633
\T1/cmss/m/n/9 De-ploy-ment:
 []


Underfull \hbox (badness 10000) in paragraph at lines 641--641
[]|\T1/cmss/m/n/9 System
 []


Underfull \hbox (badness 10000) in paragraph at lines 641--641
\T1/cmss/m/n/9 In-te-gra-tion:
 []

[11] [12] (./main.bbl [13]) [14] [15 <../Images//1_abm_etop_framework_fixed.png
>] [16 <../Images//2_centralised_ABM.png>] [17 <../Images//3_spatial_dist_curre
nt_income.png>] [18 <../Images//4_dynamic_pricing_analysis.png>] [19 <../Images
//5_framework_simplified_flowchart.png> <../policy_figures//mode_share_equity_c
i95.png>] [20 <../policy_figures//mode_share_budget_used_ci95.png> <../policy_f
igures//mode_share_allocation_heatmap.png>] [21 <../policy_figures//travel_time
_equity_ci95.png> <../policy_figures//travel_time_budget_used_ci95.png>]
[22 <../policy_figures//travel_time_allocation_heatmap.png> <../policy_figures/
/tstt_ci95.png>] [23 <../policy_figures//tstt_avg_trip_time_ci95.png> <../polic
y_figures//tstt_budget_used_ci95.png>] [24 <../policy_figures//tstt_total_trips
_ci95.png> <../policy_figures//cross_policy_optimal_fps_comparison.png>]
[25 <../policy_figures//cross_policy_income_shares.png> <../policy_figures//cro
ss_policy_performance_tradeoffs.png>] [26 <../policy_figures//cross_policy_comp
osite_ranking.png>] [27 <../policy_figures//cross_policy_decision_support.png>]
[28 <../policy_figures//cross_policy_normalized_performance.png> <../policy_fig
ures//cross_policy_marginal_returns.png>] [29 <../policy_figures//cross_policy_
budget_usage.png>] (./appendix.tex
Underfull \hbox (badness 1424) in paragraph at lines 89--89
[]|\T1/cmss/m/n/9 15--16 CPUs; 32--
 []

[1

] [2]
Package hyperref Info: bookmark level for unknown algorithm defaults to 0 on in
put line 160.
 [3] [4]
Underfull \hbox (badness 10000) in paragraph at lines 429--430
[] $[] \LS1/stixsf/m/n/10 } \LS1/stix/m/n/10 [[].[]\LS1/stix/m/it/10 ; [] \LS1/
stix/m/n/10 +
 []


Overfull \hbox (31.14235pt too wide) in paragraph at lines 442--443
[] $[]\LS1/stix/m/n/10 .[]\LS1/stix/m/it/10 ; [] \LS1/stix/m/n/10 + .[] + \LS1/
stix/m/it/10 i\LS1/stix/m/n/10 /\LS1/stix/m/it/10 ; []\LS1/stix/m/n/10 [[] +
 []

[5]
LaTeX Font Info:    Calculating math sizes for size <11> on input line 500.
 [6] [7] [8] [9] [10] [11]
Underfull \hbox (badness 1173) in paragraph at lines 610--610
[]|\T1/cmss/m/n/9 200 com-muters; 100$\LS1/stix/m/n/9 ť$\T1/cmss/m/n/9 100 grid
; 144
 []


Underfull \hbox (badness 6493) in paragraph at lines 641--641
[]|\T1/cmss/m/n/9 Mode-share eq-uity seed
 []


Underfull \hbox (badness 8000) in paragraph at lines 641--641
[]|\T1/cmss/m/n/9 Travel-time eq-uity seed
 []


Underfull \hbox (badness 3769) in paragraph at lines 641--641
[]|\T1/cmss/m/n/9 Deterministic fixed-policy
 []


Underfull \hbox (badness 4647) in paragraph at lines 641--641
\T1/cmss/m/n/9 up-ward in tested
 []

[12]) 
AED: lastpage setting LastPage
[13] (./main.aux)
Package rerunfilecheck Info: File `main.out' has not changed.
(rerunfilecheck)             Checksum: EA62713742F416A16A3CABB8CBD95026;16304.
 ) 
Here is how much of TeX's memory you used:
 43071 strings out of 478268
 979552 string characters out of 5805926
 1312088 words of memory out of 5000000
 60312 multiletter control sequences out of 15000+600000
 609625 words of font info for 231 fonts, out of 8000000 for 9000
 1141 hyphenation exceptions out of 8191
 99i,22n,94p,1772b,609s stack positions out of 10000i,1000n,20000p,200000b,200000s
{/apps/z_install_tree/linux-rocky8-ivybridge/gcc-12.2.0/texlive-20220321-7ejw
bhyks4jxvs4cg6cddeczjlnf2fhi/texmf-dist/fonts/enc/dvips/cm-super/cm-super-t1.en
c}{/apps/z_install_tree/linux-rocky8-ivybridge/gcc-12.2.0/texlive-20220321-7ejw
bhyks4jxvs4cg6cddeczjlnf2fhi/texmf-dist/fonts/enc/dvips/stix/stix-ts1.enc}{/app
s/z_install_tree/linux-rocky8-ivybridge/gcc-12.2.0/texlive-20220321-7ejwbhyks4j
xvs4cg6cddeczjlnf2fhi/texmf-dist/fonts/enc/dvips/stix/stix-t1.enc}</apps/z_inst
all_tree/linux-rocky8-ivybridge/gcc-12.2.0/texlive-20220321-7ejwbhyks4jxvs4cg6c
ddeczjlnf2fhi/texmf-dist/fonts/type1/public/stix/STIXGeneral-Bold.pfb></apps/z_
install_tree/linux-rocky8-ivybridge/gcc-12.2.0/texlive-20220321-7ejwbhyks4jxvs4
cg6cddeczjlnf2fhi/texmf-dist/fonts/type1/public/stix/STIXGeneral-BoldItalic.pfb
></apps/z_install_tree/linux-rocky8-ivybridge/gcc-12.2.0/texlive-20220321-7ejwb
hyks4jxvs4cg6cddeczjlnf2fhi/texmf-dist/fonts/type1/public/stix/STIXGeneral-Ital
ic.pfb></apps/z_install_tree/linux-rocky8-ivybridge/gcc-12.2.0/texlive-20220321
-7ejwbhyks4jxvs4cg6cddeczjlnf2fhi/texmf-dist/fonts/type1/public/stix/STIXGenera
l-Regular.pfb></apps/z_install_tree/linux-rocky8-ivybridge/gcc-12.2.0/texlive-2
0220321-7ejwbhyks4jxvs4cg6cddeczjlnf2fhi/texmf-dist/fonts/type1/public/cm-super
/sfsi0900.pfb></apps/z_install_tree/linux-rocky8-ivybridge/gcc-12.2.0/texlive-2
0220321-7ejwbhyks4jxvs4cg6cddeczjlnf2fhi/texmf-dist/fonts/type1/public/cm-super
/sfss0800.pfb></apps/z_install_tree/linux-rocky8-ivybridge/gcc-12.2.0/texlive-2
0220321-7ejwbhyks4jxvs4cg6cddeczjlnf2fhi/texmf-dist/fonts/type1/public/cm-super
/sfss0900.pfb></apps/z_install_tree/linux-rocky8-ivybridge/gcc-12.2.0/texlive-2
0220321-7ejwbhyks4jxvs4cg6cddeczjlnf2fhi/texmf-dist/fonts/type1/public/cm-super
/sfsx0900.pfb></apps/z_install_tree/linux-rocky8-ivybridge/gcc-12.2.0/texlive-2
0220321-7ejwbhyks4jxvs4cg6cddeczjlnf2fhi/texmf-dist/fonts/type1/public/cm-super
/sftt0800.pfb></apps/z_install_tree/linux-rocky8-ivybridge/gcc-12.2.0/texlive-2
0220321-7ejwbhyks4jxvs4cg6cddeczjlnf2fhi/texmf-dist/fonts/type1/public/cm-super
/sftt0900.pfb></apps/z_install_tree/linux-rocky8-ivybridge/gcc-12.2.0/texlive-2
0220321-7ejwbhyks4jxvs4cg6cddeczjlnf2fhi/texmf-dist/fonts/type1/public/cm-super
/sftt1000.pfb></apps/z_install_tree/linux-rocky8-ivybridge/gcc-12.2.0/texlive-2
0220321-7ejwbhyks4jxvs4cg6cddeczjlnf2fhi/texmf-dist/fonts/type1/public/stix/sti
x-mathbb.pfb></apps/z_install_tree/linux-rocky8-ivybridge/gcc-12.2.0/texlive-20
220321-7ejwbhyks4jxvs4cg6cddeczjlnf2fhi/texmf-dist/fonts/type1/public/stix/stix
-mathcal.pfb></apps/z_install_tree/linux-rocky8-ivybridge/gcc-12.2.0/texlive-20
220321-7ejwbhyks4jxvs4cg6cddeczjlnf2fhi/texmf-dist/fonts/type1/public/stix/stix
-mathex.pfb></apps/z_install_tree/linux-rocky8-ivybridge/gcc-12.2.0/texlive-202
20321-7ejwbhyks4jxvs4cg6cddeczjlnf2fhi/texmf-dist/fonts/type1/public/stix/stix-
mathit-bold.pfb></apps/z_install_tree/linux-rocky8-ivybridge/gcc-12.2.0/texlive
-20220321-7ejwbhyks4jxvs4cg6cddeczjlnf2fhi/texmf-dist/fonts/type1/public/stix/s
tix-mathit.pfb></apps/z_install_tree/linux-rocky8-ivybridge/gcc-12.2.0/texlive-
20220321-7ejwbhyks4jxvs4cg6cddeczjlnf2fhi/texmf-dist/fonts/type1/public/stix/st
ix-mathrm-bold.pfb></apps/z_install_tree/linux-rocky8-ivybridge/gcc-12.2.0/texl
ive-20220321-7ejwbhyks4jxvs4cg6cddeczjlnf2fhi/texmf-dist/fonts/type1/public/sti
x/stix-mathrm.pfb></apps/z_install_tree/linux-rocky8-ivybridge/gcc-12.2.0/texli
ve-20220321-7ejwbhyks4jxvs4cg6cddeczjlnf2fhi/texmf-dist/fonts/type1/public/stix
/stix-mathscr.pfb></apps/z_install_tree/linux-rocky8-ivybridge/gcc-12.2.0/texli
ve-20220321-7ejwbhyks4jxvs4cg6cddeczjlnf2fhi/texmf-dist/fonts/type1/public/stix
/stix-mathsf.pfb>
Output written on main.pdf (42 pages, 4238645 bytes).
PDF statistics:
 907 PDF objects out of 1000 (max. 8388607)
 775 compressed objects within 8 object streams
 206 named destinations out of 1000 (max. 500000)
 728 words of extra memory for PDF output out of 10000 (max. 10000000)

